> 00 00 ea 91 02 06 6c ba fd 00 00
> 00 00 ea 91 02 06 73 cc 15 00 00
> 00 00 ea 91 02 06 6c ba fd 00 00
> 00 00 ea 91 02 06 73 cc 15 00 00
> 00 00 ea 91 02 06 73 cc 15 00 00
> 00 00 ea 91 02 06 73 cc 15 00 00
> 00 00 ea 91 02 06 6c ba fd 00 00
> 00 00 ea 91 02 06 73 cc 15 00 00
> 00 00 ea 91 02 06 6c ba fd 00 00
> 00 00 ea 91 02 06 73 cc 15 00 00
> 00 00 ea 91 02 06 6c ba fd 00 00
> 00 00 ea 91 02 06 73 cc 15 00 00
> 00 00 ea 91 02 06 73 cc 15 00 00
> 00 00 ea 91 02 06 0d 35 8f 00 00
> 00 00 ea 91 04 00 00 00 fa d5 58 00 00
< ea 91 fa 00 c3 59 00 00 00 00 00 d9 21 64 00 cb 27 85 6f 4e 23 46 c5 d9 c9 00 00 00 00 00 00 00 00 00 00 00 00 00 00 00 00 00 00 00 00 00 00 00 00 00 00 00 00 00 00 00 00 00 00 e5 22 f6 00 f5 e1 22 f0 00 ed 43 f2 00 ed 53 f4 00 ed 73 f8 00 dd 22 fa 00 fd 22 fc 00 e1 fb ed 4d 21 00 ff f9 ed 56 fb c3 c0 02 00 2b 03 fa 02 ee 02 d6 02 e2 02 a2 03 31 03 11 03 37 03 64 03 4e 03 60 03 00 00 00 00 00 00 00 00 00 00 00 00 00 00 00 00 00 00 00 00 00 00 00 00 00 00 00 00 00 00 00 00 00 00 00 00 00 00 00 00 00 00 00 00 00 00 00 00 00 00 00 00 00 00 00 00 00 00 00 00 00 00 00 00 00 00 00 00 00 00 00 00 00 00 00 00 00 00 00 00 00 00 00 00 00 00 00 00 00 00 00 00 00 00 00 00 00 00 00 00 00 00 00 00 00 00 00 00 00 00 00 00 ba 38 0e 0e 00 00 00 00 00 00 00 00 00 00 ff 78
valid
> 00 00 ea 91 04 00 fa 00 fa 9b a7 00 00
< ea 91 fa 00 00 00 00 00 00 6c 73 6c 73 73 73 6c 73 6c 73 6c 73 73 0d 00 00 00 00 00 00 00 00 00 00 00 00 00 00 00 00 00 00 00 00 00 00 00 00 00 00 00 00 00 00 00 00 00 00 00 00 00 00 00 00 00 00 00 00 00 00 00 00 00 00 00 00 00 00 00 00 00 00 00 00 00 00 00 00 00 00 00 00 00 00 00 00 00 00 00 00 00 00 00 00 00 00 00 00 00 00 00 00 00 00 00 00 00 00 00 00 00 00 00 00 00 00 00 00 00 00 00 00 00 00 00 00 00 00 00 00 00 00 00 00 00 00 00 00 00 00 00 00 00 00 00 00 00 00 00 00 00 00 00 00 00 00 00 00 00 00 00 00 00 00 00 00 00 00 00 00 00 00 00 00 00 00 00 00 00 00 00 00 00 00 00 00 00 00 00 00 00 00 00 00 00 00 00 00 00 00 00 00 00 00 00 00 00 00 00 00 00 00 00 00 00 00 00 00 00 00 00 00 00 00 00 00 00 00 00 00 00 00 00 00 00 00 00 00 00 00 00 00 00 00 1f 14
valid
> 00 00 ea 91 04 00 f4 01 fa 58 ae 00 00
< ea 91 fa 00 00 00 00 00 00 00 00 00 00 00 00 21 06 02 c3 76 03 7a 4f 53 3e 00 11 2f 02 21 09 04 cd 86 03 4f b7 ca 00 10 11 33 02 21 09 04 cd 86 03 b7 ca 72 03 21 37 02 cd 76 03 c3 8a 03 72 75 6e 00 63 6c 73 00 55 6e 6b 6e 6f 77 6e 20 43 6f 6d 6d 61 6e 64 00 f5 4f 21 00 00 39 eb 79 12 4b 42 03 af 02 eb cd 76 03 f1 c9 c9 cd 7e 03 b7 20 5c cd 82 03 4f d6 0a 28 05 79 d6 0d 20 0e cd 8a 03 cd 0b 02 21 29 04 36 00 3e 01 c9 79 d6 08 20 0f 3a 29 04 b7 28 09 cd 5b 02 21 29 04 35 af c9 79 d6 20 38 28 3a 29 04 d6 1e 30 21 11 09 04 3a 29 04 47 21 29 04 34 68 26 00 19 71 d5 79 cd 47 02 cd 9a 03 d1 2a 29 04 26 00 19 36 00 af c9 21 29 04 36 00 cd 72 03 cd 00 02 cd 9a 03 cd 5c 02 b7 20 f4 18 f8 3a ef 00 21 ee 00 96 3e 01 c8 af c9 3a ef 00 26 01 6f 7e 21 ef 00 34 c9 4b 57
valid
> 00 00 ea 91 04 00 ee 02 fa df 72 00 00
< ea 91 fa 01 ff 00 af ed b1 79 ed 44 d6 02 c9 e5 3e 1e cd 65 03 e1 e5 cd ee 02 f5 cd 65 03 f1 4f 06 00 e1 c3 3b 03 21 0f 27 44 4d 29 29 2c 09 22 12 03 21 db 03 29 9f e6 2d ad 6f 22 1e 03 09 c9 3e 01 cd 65 03 c9 3e 04 cd 65 03 c9 4e 06 00 23 e5 2a 00 08 e5 09 22 00 08 e1 11 02 08 19 eb e1 ed b0 c9 af 21 00 08 ed a1 20 03 ed a1 c8 d3 00 2b 77 2b 77 c9 2a ec 00 c9 7e 2a 00 08 23 22 00 08 01 01 08 09 77 c9 3e 00 cf c9 3e 01 cf c9 3e 02 cf c9 3e 03 cf c9 3e 04 cf c9 3e 05 cf c9 3e 06 cf c9 3e 07 cf c9 3e 08 cf c9 3e 09 cf c9 3e 0a cf c9 3e 0b cf c9 dd e5 dd 21 00 00 dd 39 f5 4d 44 33 33 d5 78 b1 20 0b dd 7e ff dd b6 fe 20 03 af 18 45 78 b1 20 04 3e 01 18 3d dd 7e ff dd b6 fe 20 04 3e ff 18 31 e1 e5 0a b7 20 08 5e 1c 1d 20 03 7b 18 23 b7 20 04 3e 01 18 1c 6f bb
valid
> 00 00 ea 91 04 00 e8 03 fa de bd 00 00
< ea 91 fa 5e 1c 1d 20 04 3e ff 18 13 bb 20 04 23 03 18 dd 93 30 05 01 ff ff 18 03 01 01 00 79 dd f9 dd e1 c9 6c 73 6c 73 73 73 6c 73 6c 73 6c 73 73 00 60 ef 20 ff 00 ff 01 7c 10 ff 00 ff 00 ff 08 00 00 ff 00 ff 00 df 00 ff 00 ff 40 fe 00 ff 00 ff 00 ff 00 ff 00 ff 00 ff 00 05 fd 00 fe 00 ff 00 ff 00 ff 02 ff 02 ff 00 fe 00 ff 00 ff 00 ff 00 ef 00 7f 08 ff 80 ff 00 5f 00 ff 00 ff 01 df 00 ff 80 fb 02 ff 00 ff 00 ff 00 ff 08 ff 00 7f 00 ff 80 ff 20 ff 00 ff 00 ff b6 34 7f 00 ff 10 da 00 7b 00 db 80 7d 20 bf 08 fb 0c ff 00 ff 21 ff 02 f5 01 fb 00 dd 8a ff 04 ff 00 ff 00 ff 00 ff 00 ff 20 ff 00 ff 00 ff 00 ff 00 ff 00 ff 00 ff 80 ff 00 ff 00 ff 00 ff 00 00 ff 00 ff 00 ff 80 ff 40 af 00 ff 00 f7 00 df 80 ff 00 ff 04 ff 64 ff 00 ff 00 f5 00 f7 00 ef 10 ff d2 92
valid
> 00 00 ea 91 04 00 e2 04 fa ac 83 00 00
< ea 91 fa 00 ff 00 fb 00 fd 00 ff 10 ff 04 dd 01 ff 0a de 80 f7 00 ff 00 ff 00 ef 43 ff 08 ff 00 ff ff 00 ff 80 ea 08 ff 00 ff 00 5f 0c ff 00 9f 80 ff 00 ef 04 ee 01 ff 04 ef 02 ff 02 bb 08 ff 06 ff 00 ff 00 ff 00 ff 00 ff 00 ff 00 ff 00 ff 08 fd 00 ff 00 ff 00 ff 00 ff 00 ff 00 ff 00 ff 00 00 ff 00 ff 00 ff 00 7f 00 ff 00 ff 02 ff 00 ff 00 fd 04 ff 10 ff 02 fb 00 ff 00 ff 80 fd 00 ff 00 ff 04 ff 00 ff 00 ff 00 ff 00 ff 00 ff 00 ff 00 fe 00 f7 00 ff 00 ff 08 ff 00 7f 00 ff 80 ff ff 90 ff 00 f7 00 ef 80 ff 00 ef 00 eb 41 ff 00 fd 10 bf 00 ff 00 77 20 7f 02 ff 80 ef 00 df 18 ff 00 ff 00 ff 00 ff 00 ff 00 ff 00 ff 00 ff 00 ff 00 ff 00 ff 00 ff 00 ff 00 ff 00 ff 00 ff 00 00 df 00 fe 00 ff 00 ff 02 ff 00 ff 00 ff 00 ff 00 ff 00 ff 00 ff 00 ff 00 df 02 fe af 69
valid
> 00 00 ea 91 04 00 dc 05 fa c1 0c 00 00
< ea 91 fa 00 ff 00 ff 00 ff 00 ff 00 ff 00 ff 00 ff 00 ff 00 ef 00 ff 02 ff 00 ff 08 fe 00 ff 00 ff 00 ff 00 ff 00 ff fe 01 ff 00 ff 04 fc 00 fc 01 fe 08 fd 00 f7 42 fe 02 ff 00 de 00 5b 00 de 00 f7 00 7f 00 ff 14 ff 00 ff 00 ff 00 ff 00 ff 00 ff 00 7f 00 ff 00 ff 00 ff 00 ff 00 ff 00 ff 00 ff 00 ff 00 ff 00 00 7f 00 fe 01 ff 00 ff 00 ff 00 ff 00 ff 00 ef 00 fb 00 fb 00 ff 00 ff 00 ff 00 ff 00 ff 00 fa 00 ff 00 7f 00 ff c0 ff 00 7f 00 ff 00 ff 00 ff 09 ff 00 ff 00 ff 00 ff 00 ff 00 ff 04 ff 00 ff bd 00 7f 00 7f 00 ff 00 ff 80 fc 0c fd 00 ff 10 be 00 bf 01 bf 84 57 00 7f 20 f7 00 d7 00 6f 40 ff 00 ff 00 ff 00 ff 00 ff 00 ff 00 ff 00 ff 00 ff 00 ff 00 ff 00 ff 00 ff 00 ff 00 ff 00 ff 00 00 ff 00 ff 80 7f 00 ff 00 ff 00 7f 00 ff 00 ff 00 ff 40 ff 00 ff 01 ef
valid
> 00 00 ea 91 04 00 d6 06 fa d3 55 00 00
< ea 91 fa 00 ff 00 ff 00 ff 00 ff 00 ff 00 ff 00 e7 00 ff 00 ff 00 ff 00 ff 00 ff 00 7f 00 ff 00 fb 02 ff 00 fd 00 bf 80 ff 08 fe 00 f7 eb 00 bf 00 db 00 ff 04 fe 00 bf 18 bf 00 ff 08 bf 00 d7 01 bd 15 ff 00 ff 50 ef 10 7f 00 ef 00 ff 00 ff 00 ff 00 ff 00 ff 00 ff 00 ff 00 ff 00 ff 00 ff 00 ff 00 ff 00 ff 00 ff 00 ff 00 ff 00 00 ff 00 ff 00 ff 00 ff 00 ff 40 ff 00 fd 00 ff 00 ff 00 ff 00 ff 00 6f 00 fd 00 df 00 ff 00 fb 00 ff 00 ff 00 ff 80 ff 44 ff 00 ff 01 ff 00 fe 21 ff 00 fb 00 ff 02 bf 00 ff 80 ff 00 ef 10 ff ff 04 ff 10 f2 08 cf c1 bf 44 ff 04 bb 00 ff 00 ff 00 fc 00 ff 88 ff 00 ff 00 7f 00 ff 08 fd 01 ff 00 ff 00 ff 00 ff 00 bf 00 ff 00 ff 00 ff 00 ff 00 ff 00 ff 00 ff 00 ff 00 ff 00 ff 00 ff 00 00 ff 00 ff 00 ff 02 ff 00 fd 00 ff 08 ff 00 ff 89 47
valid
> 00 00 ea 91 04 00 d0 07 fa d2 9a 00 00
< ea 91 fa 00 ff 00 7f 00 ff 00 ff 00 ff 00 f7 00 ff 00 f5 04 ff 04 ff 00 ff 08 7f 80 ff 80 ff 00 ff 10 ff 08 fb 00 ff 00 ff 00 ff 00 ff 80 ff 10 ff 00 00 00 00 04 1e 0f 55 6e 6b 6e 6f 77 6e 20 43 6f 6d 6d 61 6e 64 04 1e 04 7a 4f 53 3e 00 ef 33 ed 00 ff 00 ff 00 ff 00 ff 00 ff 00 ff 00 ff 00 ff 00 ff 00 ff 00 ff 00 ff 00 ff 00 ff 00 ff 00 ff 00 00 ff 08 7f 00 ff 08 ff 00 ff 00 ff 00 ff 00 ff 00 f7 00 ff 00 ff 00 ff 00 ff 00 ff 00 ff 00 ff 00 ff 20 fb 00 ff 00 ff 10 f7 00 ff 00 ff 00 ff 00 ff 00 ff 00 ff 01 ff 00 7f 00 ff 40 ff 00 fd fe 08 ef c0 fd 00 7e 00 ff 00 ef 0c ff 1a ff d3 cd 08 fd 24 6f 00 ef 40 9f 10 b7 00 3d 04 f6 24 ff 20 ff 00 ff 00 ff 00 ff 00 ff 00 ff 00 ff 00 ff 00 ff 00 ff 00 ff 40 ff 00 ff 00 ff 00 ff 00 00 fb 00 ff 00 ff 00 ff 00 fe 8a c4
valid
> 00 00 ea 91 04 00 ca 08 fa f5 ef 00 00
< ea 91 fa 00 ff 00 ff 00 ff 00 ff 00 df 00 df 00 ff 00 ff 00 ff 20 ff 00 ff 80 ff 01 ff 00 ff 00 ed 81 ff 00 ff 00 f3 04 ff 00 ff 18 ff 00 ff 00 ff 00 ff 80 ff 00 ff 00 ef fd 04 ff 00 ff 80 ff 00 fb 00 ff 00 ff 00 7f 00 bd 80 bf 10 7f 00 7f 10 fd 01 ff 00 ff 01 ff 00 ff 00 ff 10 ff 00 ff 00 ff 00 ff 00 7f 00 ff 00 fd 00 ff 00 ff 00 ff 00 ff 00 ff 00 ff 00 ff 00 00 ff 00 7f 00 ff 80 ff 00 ff 00 ff 00 ff 40 ff 00 ff 00 fb 02 ff 00 ff 00 ff 00 bf 00 ff 00 ff 00 ff 00 ff 00 ff 00 ff 00 ff 04 ef 08 ff 10 ff 00 fb 00 ff 00 ff 10 ff 00 ff 00 ff 00 ff 00 ff fe 80 ff 40 ff 80 bf 42 df 03 ff 80 dc 40 ff 00 ff 00 fb 00 fd 80 ef 12 f7 00 ff 40 ff 20 ff a0 ff 00 ff 00 ff 00 ff 00 ff 00 ff 00 ff 00 ff 00 ff 00 ff 00 ff 00 ff 00 ff 00 ff 00 ff 00 ff 00 00 ff 00 ff f9 1a
valid
> 00 00 ea 91 04 00 c4 09 fa 36 e6 00 00
< ea 91 fa 00 ff 00 ff 00 ff 00 ff 00 ff 00 ff 80 ff 00 ff 04 bf 00 ff 00 ff 00 ff 00 ff 00 bf 00 fd 00 ff 10 fd 00 ff 00 fe 41 ff 00 ff 00 ff 00 fe 00 ff 00 ef 00 ff 00 ff 00 ff 00 ff 02 ff fa 03 ff 92 ff 0a eb 00 ff a0 7f 00 7f 00 dc 84 bb 00 6f 08 f7 01 ff 00 ff 50 ff 20 db 00 73 00 ff 00 ff 00 ff 00 ff 00 ff 00 ff 00 ff 00 ff 00 ff 00 ff 00 ff 00 ff 00 ff 00 ff 00 ff 00 ff 00 00 ff 00 ff 00 ff 00 ff 00 ff 00 ff 00 ff 02 ff 00 bf 00 ff 00 fd 00 ff 00 ff 10 ff 00 ff 00 ff 00 ff 10 ff 80 ff 80 fd 00 fb 00 ff 00 7e 00 f7 00 ff 00 ff 00 fb 00 fb 00 6d 00 ff 00 bf 00 cf fe 00 9f 08 bf 80 ff 81 ff 10 df 88 f2 80 fe 04 ff 12 3f 02 ff a1 ff 10 ff 03 e7 0c ff 00 fb 32 ff 00 ff 00 ff 00 ff 00 ff 00 ff 00 ff 00 ff 00 ff 00 ff 00 ff 00 ff 00 ff 00 ff 00 ff 00 99 0d
valid
> 00 00 ea 91 04 00 be 0a fa fc 3f 00 00
< ea 91 fa ff 00 00 ff 00 ff 00 ff 00 ff 00 ff 00 ff 00 ff 00 ff 00 ff 00 ff 00 ff 00 ff 00 ff 00 ff 00 ff 00 ff 00 ff 21 ff 03 ff 04 ff 05 ff 00 ef 00 fb 00 fb 40 ff 00 fd 00 ff c0 ff 00 fd 01 df 00 ef 00 ff ef 04 7f 0c df 00 ff 08 ff 10 ff 00 ff 00 fe 00 7f 01 df 40 ff 00 bf 00 ff 06 ff 00 ff 00 fb 70 ff 00 ff 00 ff 00 ff 00 ff 00 ff 00 ff 00 ff 00 ff 00 ff 00 ff 00 ff 00 ff 00 ff 00 ff 00 ff 00 00 ff 20 ff 00 ff 00 ff 00 ef 00 ff 00 ff 00 ff 00 7f 00 ff 00 ff 00 ff 00 ff 00 ff 00 ff 00 fd 00 ff 00 ff 80 ff 00 df 00 ff 00 7d 00 ee 00 ff 00 f7 00 ff 00 ff 00 ff 00 ff 00 ff 00 ff 00 ff f7 80 ff 84 ff 80 ff 00 fd 01 7f 00 f9 00 fd a0 ff 40 ff 03 bf 00 ff 04 ff 00 fb 00 ff 00 fb 08 ff 00 ff 00 ff 00 ff 00 ff 00 ff 00 ff 00 ff 00 ff 00 ff 00 ff 00 ff 00 da 1f
valid
> 00 00 ea 91 04 00 b8 0b fa fd f0 00 00
< ea 91 fa ff 00 ff 00 ff 00 ff 00 08 ff 00 ff 00 ff 00 f5 00 ff 00 ff 00 ff 00 db 00 f7 00 fd 04 ff 00 fb 00 ff 00 ff 00 ff 00 ff 00 ff 00 ff 00 ff 02 ff 88 ff 00 9f 00 ff 00 bf 08 bf 20 ff 00 ff 20 ff 00 df 00 ff 00 ff 00 5f ff 10 fd 40 ff 10 e7 13 fb 04 fa 00 fb 02 ef 84 fb 0c f7 88 db 04 fd 08 fb 00 df 00 ff 80 7f 90 ff 00 ff 00 ff 00 ff 00 ff 00 ff 00 ff 00 ff 00 ff 00 ff 00 ff 00 ff 00 ff 00 ff 00 ff 00 ff 00 80 7b 02 ff 00 ff 00 ff 00 ff 00 ff 20 7f 00 ff 00 ff 00 ff 00 fb 00 ff 02 ff 00 ff 01 ff 00 ff 00 ff 00 ff 00 ff 00 ff 00 fd 00 ff 40 5f 00 7f 10 ff 09 ff 00 ff 00 ff 00 9f 10 ff d1 ff 01 ff ff 40 f6 00 7f 30 f7 80 fd 24 ff 88 ff 04 f7 10 ff 10 ff 10 67 00 f7 00 ff 21 bf 24 37 c2 f8 00 ff 00 ff 00 ff 10 ff 00 ff 00 7f 00 ff 00 ff 00 ff 00 e3 e9
valid
> 00 00 ea 91 04 00 b2 0c fa 8f ce 00 00
< ea 91 fa ff 00 ff 00 ff 00 ff 00 ff 00 ff 00 ff 00 00 bf 00 ff 08 ff 01 ff 00 ff 00 ff 00 f5 02 ff 00 ff 00 ff 00 ff 00 fe 00 fb 82 ff 48 9f 00 f7 00 ff 00 ff 10 ff 00 fe 10 ff 06 ff 00 ff 00 fb 00 bf 80 df 00 fd 00 f6 00 f7 00 ff 08 ff 02 ef ff 00 77 04 79 00 ff 40 fb 00 7f 81 ff 00 ff 80 ff 08 ff 00 ff 00 fe a0 ef c0 bd 00 ff 08 ff 18 ff 00 ff 00 ff 00 ff 00 ff 00 ff 00 ff 00 ff 00 ff 00 ff 00 ff 00 ff 00 ff 00 ff 00 ff 00 ff 00 00 ff 00 ff 00 ff 08 ff 00 fe 08 ff 00 fe 20 eb 04 ff 00 ff 00 ff 20 ff 04 fe 00 ff 00 ff 00 ff 00 ff 01 ff 00 ff 00 ff 00 ff 00 ff 00 ff 00 ff 60 df 00 ff 44 fe 20 ff 00 fd 00 ff 00 bf 10 ff ff 81 ff 04 fe 44 ff 08 ff 48 fd 00 ff 04 ff 00 ff 40 bb 00 ff 02 ff 00 ff 42 be 00 ef 00 7f 00 ff 20 ff 00 ff 00 ff 00 ff 00 ff 00 55 08
valid
> 00 00 ea 91 04 00 ac 0d fa d9 42 00 00
< ea 91 fa ff 00 ff 00 ff 00 ff 00 ff 00 ff 00 ff 00 df 10 ff 00 ff 00 08 ff 00 ff 00 ff 00 ff 00 df 00 ff 00 ef 00 ff 00 ff 00 ff 00 ff 00 7f 00 fc 00 fb 02 ff 00 ff 00 ff 00 ff 00 ff 00 ef 80 ff 00 ff 00 ff 00 ff 00 ff 00 ff 00 ff 00 ff 00 ff 00 fe 00 ef 00 ff fe 68 ff 20 fb 40 ff 80 63 02 df 50 f7 00 ff 00 ff 00 ff 21 df f0 ff 00 ff 04 fd 00 bb 00 fc 01 ff 00 ff 00 ff 00 ff 00 ff 00 ff 00 ff 00 ff 00 ff 00 fb 00 ff 00 ff 00 ff 00 ff 00 ff 20 ff 00 00 ff 00 ff 00 ff 00 ff 00 ff 00 ff 02 df 00 ff 00 ff 00 ff 00 ff 00 ff 00 ff 10 ff 00 ff 00 ff 00 ff 00 ff 00 ff 00 ff 00 ff 00 ff 00 77 02 ff 80 bf 04 7f 00 ff 04 ff 80 ff 00 ff 80 7f 00 ff bd 80 f5 20 ff 10 fb 14 bf 41 ff 4a ff 00 f6 18 f7 10 ff 00 7f 30 ff 10 ff 81 f7 00 be 80 ee 01 ff 00 ff 00 ff 00 f8 10
valid
> 00 00 ea 91 04 00 a6 0e fa cb 1b 00 00
< ea 91 fa ff 00 ff 00 ff 00 ff 00 ff 00 ff 00 ff 00 ff 00 ff 00 ff 00 ff 00 ff 00 ff 00 00 ff 00 fd 00 ff 00 ff 00 ff 00 ff 00 7f 00 ff 00 ff 00 ff 18 ff 00 ff 00 ff 20 ff 00 ff 00 fe 02 ff 00 ff 00 bf 00 ff 40 fd 01 ff 00 ff 00 ff 00 ff 00 ff 00 ff 00 fd 00 ff 00 ff 02 7f 00 bf ff 14 bf 00 ef 00 7f 00 ff 00 fe 0c 3d c2 ff 20 ff 10 fd 06 ff 00 7e 10 ff 00 ff 00 ff 20 d5 00 ff 00 ff 00 ff 00 ff 00 ff 00 ff 00 ff 00 ff 00 ff 00 ff 00 ff 00 ff 00 ff 00 ff 00 ff 00 ff 00 00 ff 00 fb 00 ff 01 ff 00 ff 02 ff 00 ff 00 f7 00 fb 00 ff 00 fd 01 f7 00 ff 00 f7 01 ff 00 ff 08 ff 00 fd 10 ff 00 ff 00 ff 00 ff 00 ff 00 ff 00 ff 00 ff 44 f7 00 fb 00 ff 00 ff 00 ff 00 f7 ff 04 f6 82 f3 00 ff 80 ff 01 ff 00 7f 00 ff 00 ff 04 fb 00 dd 12 ff 00 ff 00 ef 00 ff 44 ff 00 01 26
valid
> 00 00 ea 91 04 00 a0 0f fa ca d4 00 00
< ea 91 fa ff 00 ff 00 ff 00 ff 00 ff 00 ff 00 ff 00 ff 00 ff 00 ff 00 ff 00 ff 00 ff 00 ff 00 ff 00 ff 00 00 ff 00 ff 00 ff 00 fd 00 ff 00 ff 00 ff 00 ee 00 ff 00 ff 00 ff 00 ff 00 f7 00 ff 00 ff 00 ff 00 ff 80 ff 00 ff 00 f7 00 ff 00 7f 84 ff 00 ff 00 ff 00 ff 00 ff 00 ff 20 ff 00 df 00 ff 00 ff ee 00 fe 00 7f 00 ef 04 fb 00 fd 02 ff 14 7f 50 fb 82 fe 20 fe 03 ff a1 ed 00 5f 94 ff 80 7e 6a ff 00 ff 00 ff 00 ff 00 ff 00 ff 00 ff 00 ff 00 ff 00 ff 00 ff 00 ff 20 ff 00 ff 00 ff 00 ff 00 00 ff 00 ff 00 ff 00 ff 00 ff 00 ff 02 ff 00 ff 04 ff 00 ff 20 ff 04 fb 20 ff 00 dd 00 ff 00 ff 90 ff 10 ff 00 fb 02 fe 40 ff 01 ff 10 ff 00 cb 80 fb 00 ef 00 ff 10 ff 00 ff 40 ef 00 ff 04 ff 7f 60 eb 10 ff 00 ff 48 fd 00 79 02 dd 00 ff 04 ef 80 ff 41 fb 84 f3 30 ef 06 3b 62
valid
> 00 00 ea 91 04 00 9a 10 fa 47 37 00 00
< ea 91 fa f7 08 f8 80 ff 40 ff 00 ff 01 ff 00 ff 00 ff 00 ff 00 ff 00 ff 00 ff 00 ff 00 ff 00 ff 00 ff 00 ff 00 ff 00 ff 00 00 ef 00 ff 00 7f 00 ff 00 ff 00 ff 00 ff 00 ff 00 ff 00 ff 00 ff 00 ff 00 fe 10 ff 00 ff 00 ff 08 eb 00 ff 20 fe 40 ff 00 ff 03 ff 00 fb 10 ff 00 ff 10 fd 00 ff 00 ff 00 ff 91 fd 10 ff 00 bf fb 20 ff 00 ff 38 bd 00 ff 02 7f 40 ff 1a ff 20 bf 02 f5 c8 ff 00 ff 02 ff 00 ff 02 ff 44 ff 04 ff 00 ff 00 ff 00 ff 00 ff 00 ff 00 ff 00 ff 00 bf 00 f7 00 bf 00 ff 00 ff 00 ff 00 ff 00 ff 00 00 ff 00 ff 40 ff 00 ff 00 bf 00 ff 00 ff 00 ff 00 ff 00 ff 00 ff 02 ff 00 ff 00 ff 00 ff 00 ef 00 ff 00 ff 00 ff 00 ff 10 fe 00 ff 00 ff 00 e9 00 ff 00 fe 00 fe 00 ff 00 ff 00 ff 00 ff 80 ff df 10 ff 00 fd 80 ff 00 f7 01 ff 80 ff 02 ff 00 fe 00 ff 00 f6 e4
valid
> 00 00 ea 91 04 00 94 11 fa 84 3e 00 00
< ea 91 fa ef 02 ff 00 ff 00 ef 28 ef 02 ff 00 ff 00 ff 00 7f 00 ff 00 ff 00 ff 00 ff 00 ff 00 ff 00 ff 00 ff 00 ff 00 ff 00 ff 00 ff 00 ff 00 00 ff 00 ff 00 ff 00 ff 00 ff 00 ff 80 ff 00 ff 00 ff 00 ff 01 ff 00 ff 00 ff 00 f7 00 ff 00 ff 00 ff 08 ff 00 fb 00 ff 10 ff 00 ff 20 f5 04 fd 00 7f 00 ff 00 bf 00 ef 00 bf 00 ff 08 ff 00 ff ff 10 6f 09 fe 00 df 08 ff 20 ef 43 ff 30 ef 04 ef 40 df 04 ff 82 ff 02 fd 00 ff dc f3 84 fd 84 ff 00 ff 00 7f 00 ff 00 ff 00 ff 00 ff 00 ff 00 ff 00 ff 00 ff 00 ff 00 ff 00 ff 00 ff 00 ff 00 00 ff 00 ff 00 ff 00 ff 00 ff 00 ff 00 ff 00 f7 00 ff 00 ff 00 ff 00 ff 00 ff 00 ff 00 ff 00 ff 00 ff 00 ff 00 ff 80 fd 20 77 41 ff 00 ff 10 ff 18 ef 00 ff 00 ff 00 f7 00 ff 00 fe 00 fd 00 f7 ff 00 ff 04 fe 08 ff 00 7f 20 fe 18 ff 00 e4 47
valid
> 00 00 ea 91 04 00 8e 12 fa 03 e2 00 00
< ea 91 fa fb 00 af 54 d7 40 fb 90 ff 01 ff 40 ef 80 ff 14 ff 00 ff 00 ff 01 ff 00 ff 00 ff 00 ff 00 ff 00 ff 00 ff 00 ff 00 ff 00 ff 00 ff 00 ff 00 ff 00 ff 00 00 ff 00 ff 00 bf 40 ff 00 ff 00 ff 00 ff 00 ff 00 7f 00 ff 00 ff 00 ff 00 df 00 ff 00 7f 00 ff 80 ff c0 fd 80 7f 00 ff 00 ff 00 ff 00 5f 00 1f 00 fd 00 ff 00 ff 08 ff 00 ff 00 f7 00 ff c0 ff fb 11 ff 88 d9 00 7f 00 ff 40 ff 00 7f 08 fe 04 ff 41 bf 00 ff 10 ef 00 f7 04 ff 00 fb 00 df 82 ff 00 ff 00 ff 80 ff 00 ff 00 ff 02 ff 00 ff 00 ff 00 ff 00 ff 00 ff 00 ff 00 ff 00 ff 00 ff 00 80 ff 00 ff 00 b7 00 ff 00 ff 00 ff 00 ff 00 ff 00 ff 00 ff 00 7f 08 fe 01 ff 00 ff 00 ff 00 f3 00 7b 04 ff 00 f7 00 fd 00 df 00 ff 00 ff 00 ff 00 ff 00 ff 00 ff 00 ff 00 ff 00 f7 00 ff 14 bb fd 00 ff 80 f9 88 ff 00 ee 91
valid
> 00 00 ea 91 04 00 88 13 fa 02 2d 00 00
< ea 91 fa 7c 00 ff 00 ff 00 ff 00 ff 80 bf 00 ff 00 ff 00 ff 08 f7 00 ff 00 ff 08 ff 00 ff 00 ff 00 ff 00 ff 00 ff 00 fe 00 ff 00 ff 00 ff 00 ff 00 ff 80 ff 00 ff 00 ff 00 ff 00 00 ff 00 ff 00 ff 00 ff 00 fb 40 ff 00 ff 00 ff 08 ff 00 ff 00 ff 00 ff 00 ff 40 ff 00 f7 00 ff 00 5b 02 ff 00 df 10 ff 00 ff 00 ff 00 7f 80 ff 00 ff 00 ff 00 ff 00 ff 00 ff 00 ff 00 df 00 ff 3d 10 b7 04 b7 00 7e 20 ff 00 f7 40 ff 01 cd 16 ef 43 ee 03 ff 00 79 0c df 00 bf 04 ff 02 7f 00 ff 00 ff 00 ff 00 f7 00 ff 20 ff 00 ff 00 ff 00 f7 00 ff 04 ff 00 ff 20 ff 00 ff 00 ff 00 ff 00 20 ff 04 ff 00 ff 63 f7 00 ff d0 7f 00 ef 00 ff 84 fd 00 ff 01 ff 10 ff 45 7f 00 ff 10 ff 41 ff 00 ff 00 bf 00 fd 00 ff 08 ff 44 ff 28 ff 00 f7 00 ff 02 fe 00 ff 00 ff 00 ff 00 fb a0 fd 01 fd f6 40 41 a4
valid
> 00 00 ea 91 04 00 82 14 fa 70 13 00 00
< ea 91 fa f7 80 7d 41 5f 04 ff 00 ff 00 fb 0a cf 03 7f 10 7f 10 7f 12 eb c9 ff 04 7f 40 f3 00 f7 02 ff 00 ff 00 ff 00 ff 00 ff 00 ff 00 ff 00 ff 10 ff 00 ff 00 ff 00 ff 00 ff 00 ff 00 ff 00 ff 00 00 ff 00 ff 08 ff 00 ff 02 ff 00 ff 00 ff 20 ef 00 cf 00 bf 00 ff 04 ff 00 ff 00 ff 08 f7 00 ff 00 ff 64 ff 00 df 40 ff 00 ff 00 ff 80 ff 00 ff 20 d7 00 ff 03 bf 00 ff 00 7f 00 ff 00 df 00 db f6 00 ed 00 ff 02 cf 05 ff 00 ff 00 ff 00 bf 80 ff 00 ff 00 ff 00 ff 10 ef 80 ff 00 ff 00 f7 00 ff 00 ef 00 ff 00 ff 00 ff 00 ff 00 ff 00 ff 00 ff 00 ff 00 ff 00 ff 00 ff 00 ff 00 ff 00 ff 00 02 e7 00 ff 00 ff 00 ff 00 ff 01 ff 00 ff 01 fe 00 ff 00 ff 00 ff 00 ff 00 bf 00 ff 00 fd 00 ff 00 ff 00 ff 00 fe 01 ff 00 ff 10 7f 00 ff 40 ff 00 7f 00 ff 00 ff 00 ff 00 fd 04 ff a3 c8
valid
> 00 00 ea 91 04 00 7c 15 fa 87 96 00 00
< ea 91 fa 00 fd 00 ff ff 11 fd 85 ff 00 ff 20 fb 00 ff 08 bf 04 ff 00 ff 10 ff 00 7f 0a ff 80 ff 00 fe 00 ef 00 ff 01 ff 00 ff 00 ff 00 ff 00 ff 00 ff 00 ff 00 ff 00 ff 00 ff 00 ff 00 ff 00 ff 00 ff 00 ff 00 ff 00 00 fe 00 ff 02 ff 01 ff 00 ff 00 ff 00 ff 00 ff 00 ff 00 ff 04 ff 00 ff 00 9f 00 ff 00 ff 02 ff 00 ff 00 fd 00 ff 00 ff 00 ef 00 ff 00 fb 00 ff 00 ff 20 bf 00 fb 00 ff 00 bf 84 ff 00 ff 10 ff fe 00 77 00 3f 00 ef 00 77 40 bf 60 b9 84 ef 00 ff 48 ef 00 ff 00 7f 00 ff 00 f7 00 ff 00 ff 92 ff 00 ff 00 ff 00 ff 00 bf 00 ff 00 ff 00 ff 00 ff 00 ff 00 ff 00 7f 00 ff 00 ff 00 ff 00 ff 00 10 ff 04 ff 00 ff 00 ff 00 fd 08 ff 00 ff 00 ff 00 ff 10 ff 14 ff 00 ff 00 ff 04 ff 40 ff 00 ef 00 ff 00 ff 00 ff 01 ff 00 ff 00 ff 00 ff 00 ff 00 ff 02 ff 00 7f 06 5c
valid
> 00 00 ea 91 04 00 76 16 fa 95 cf 00 00
< ea 91 fa 10 ff 00 ff 00 ff 00 7f 00 ff ff 21 df 08 fb 24 ff 00 f7 00 ff 21 ff 00 ff 0e ff 11 fa 00 bf 00 f9 20 7e 01 fe 20 ff 08 fe 06 ff 00 ff 00 ff 00 ff 00 ff 00 ff 00 ff 00 ff 00 ff 00 ff 00 ff 00 ff 00 ff 00 ff 00 ff 00 ff 00 00 ff 00 ff 00 ff 00 ff 00 ff 00 ff 00 ff 00 ff 00 fe 04 fe 12 ff 00 ff 00 ff 00 df 00 ff 00 fb 00 ff 00 ff 00 ff 00 ff 00 ff 00 ff 00 ff 00 ff 02 ef 40 fe 01 ff 20 be 00 ef 00 ff 08 7f 00 ff ff 00 e7 88 ec 00 ff 00 f7 00 bf 00 fd 08 ff 20 ff 10 df 05 fb 00 bf 14 ff 80 bf 28 d5 00 ff 10 ff 00 ff 00 ff 00 ff 00 ff 00 ff 00 ff 00 ff 00 ff 00 ff 00 ff 00 ff 00 ff 00 ff 00 ff 00 ff 00 84 fd 00 f7 80 fd 22 bf 01 ff 00 ff 00 bd 00 ff 00 ff 00 ff 08 ff 40 ff 04 ff 02 ff 04 ef 00 ff 00 dd 00 ff 02 ff 00 ff 00 ff 00 df 40 ff 00 ff 35 b3
valid
> 00 00 ea 91 04 00 70 17 fa 94 00 00 00
< ea 91 fa 08 7f 08 ff 00 ff 00 ff 00 ff 00 ed 00 ff 00 ff ff 02 fb 00 d7 00 fd 21 ff 08 eb 80 fd 80 ff 00 df 00 f7 10 b9 00 ff 04 ff 10 7d 08 bf 00 ef c5 ff 00 ff 00 ff 00 ff 00 ff 00 ff 00 ff 00 ff 00 ff 00 ff 00 ff 00 ff 00 ff 00 ff 00 ff 00 ff 00 00 ff 00 ff 00 ff 00 ff 00 ff 00 fd 00 ff 00 ff 00 ff 00 ff 00 ff 00 ff 00 ff 00 ff 00 ff 00 ff 00 ff 04 7f 00 fb 00 ff 00 df 00 ff 11 ff 00 fb 04 ff 00 77 c0 ff 04 ff 14 ff 00 bf 00 fb 00 ff df 00 7f 04 fe 00 ff 18 7f 10 ff 11 ff 04 f7 00 ff b2 ff 08 ff 98 fd 80 ff 50 7f 40 d7 12 5b 00 ff 00 ff 00 ff 00 ff 00 ff 00 ff 80 7f 00 ff 00 ff 00 ff 00 ff 00 ff 00 ff 00 ff 00 ff 00 ff 00 00 ff 00 ff 00 ff 00 ff 00 ff 00 ef 40 ff 00 ff 00 ff 04 ff 20 ff 00 ff 00 ff 00 ff 10 ff 00 7f 00 ff 02 fb 00 fd 00 fb 00 ff 3e ea
valid
> 00 00 ea 91 04 00 6a 18 fa b3 75 00 00
< ea 91 fa 00 7f 00 ff 04 fd 00 ff 00 7f c0 ff 00 ff 00 ff 01 ff 00 ff 21 ff ff 08 7d 01 7f 80 ff 91 f6 80 b7 48 7f 08 ff 80 ff 10 ff 04 fb 88 bf 00 ff 00 ff 90 ef 80 f6 80 ff 00 ff 00 ff 00 ff 80 ff 00 ff 00 ff 00 ff 40 ff 00 ff 00 ff 00 ff 00 ff 00 ff 00 ff 00 ff 20 00 ff 00 ff 00 ff 00 ff 00 ff 00 ff 00 df 00 ff 80 ff 00 ff 00 df 80 ff 00 ff 00 ff 00 ff 00 ff 00 ff 00 ff 00 ff 10 ef 00 fb 00 ff 00 ef 08 ff 00 fa 10 ff 00 ef 00 7f 00 ff 00 ff 00 f7 00 7f bf 00 77 42 ff 20 ff 02 f7 08 ff 00 df 00 ff 00 ff 30 7f 00 ff 70 ff 40 ff 80 ff 00 ef 02 ff 00 ff 00 ff 00 ff 00 ff 40 ff 00 ff 00 ff 00 ff 00 ff 00 ff 00 ff 00 ff 00 ff 00 bf 00 ff 00 ff 00 00 fb 00 ff 00 bf 00 ff 06 ff 00 ff 00 ff 00 ff 00 ff 00 ff 00 6b 10 ff 00 ff 00 fd 00 f7 00 ff 11 ff 84 ff b2 8d
valid
> 00 00 ea 91 04 00 64 19 fa 70 7c 00 00
< ea 91 fa 00 ff 00 f7 00 ff 00 fd 00 fb 01 ff 40 f7 14 bf 80 ff 40 ff 00 bf 08 ff 00 ff 00 ff fd 00 ff 00 fd 00 f7 40 7d 80 ff 20 fb 00 fd 0a ff 00 ff 80 7f 08 7f 00 fb 18 ff 09 ff 00 ce 84 ff 00 ff 00 ff 00 ff 00 ff 00 ff 80 ff 00 ff 00 ff 00 ff 00 ff 00 ff 00 ff 00 fb 00 ff 00 ff 00 00 ff 00 7f 00 ff 00 ff 00 ff 00 ff 00 ff 00 ff 00 ff 04 ff 04 ff 00 ff 00 bf 00 ff 00 ff 00 ff a0 ff 18 ff 00 ff 00 fd 00 df 00 ff 00 ff 00 ff 00 ef 00 ff 00 ff 00 ff 00 ff 00 fa 44 f7 00 ff f5 80 f2 12 ff 01 bf 10 ff 90 ff c0 be 00 7f 00 f7 00 ff 00 fd 00 ff 24 ff 80 ff 10 ff 08 bf 80 ff 00 ff 00 ff 00 ff 00 ff 00 ff 00 ff 00 ff 00 ff 00 ff 00 ff 00 ff 00 ff 00 ff 00 ff 00 ff 00 00 ff 00 ff 00 ff 00 ff 00 ff 00 ff 00 ff 00 ff 00 ff 00 ff 00 ff 00 ff 00 ff 00 ff 00 ff c4 67
valid
> 00 00 ea 91 04 00 5e 1a fa cc a3 00 00
< ea 91 fa 00 ff 40 f7 10 ee 84 ff 00 ff 00 ff 00 fe 00 ff 00 fd 00 f7 00 ff 00 ff 00 ef 00 ef 00 dd 42 ff 00 ef fd 20 f7 92 9f 22 7f 10 ed 00 fb 00 f7 06 fe 41 ef 28 79 00 db a0 f7 00 ff 10 fa 00 ff 00 ef 00 ff 00 ff 00 ff 00 ff 00 ff 00 ff 00 ff 00 ff 00 ff 00 ff 00 ff 00 ff 00 ff 00 ff 00 ff 00 ff 00 00 ff 00 ff 00 ff 00 ff 00 ff 00 ff 00 ff 00 ff 20 fb 00 ff 04 ff 00 ff 00 ff 00 ff 00 ff 00 ff 00 7f 00 ff 00 ff 00 ff 01 ef 00 f7 01 fe 01 ff 04 ff 00 ff 00 fd 00 ff 00 ff 40 fd 10 bf 00 bd 7f 00 ff 00 ff 13 bf 02 ed 20 df 00 fd 00 df 45 fd 02 3f 00 ff 00 ff 08 ff 00 fb 00 ff 00 ff 00 ff 00 ff 00 ff 00 ff 00 ff 00 ff 00 ff 00 ff 00 df 00 ff 00 ff 00 ff 00 ff 00 ff 00 ff 00 ff 00 00 ff 00 fd 00 fd 00 ff 00 ff 00 ff 00 ff 00 ff 00 ff 00 ff 00 ff 00 ff fb e7
valid
> 00 00 ea 91 04 00 58 1b fa cd 6c 00 00
< ea 91 fa 00 ff 00 ff 00 ff 21 ff 00 ef 00 ff 02 2f 02 f7 00 fb 10 ef 10 ff 00 ef 08 fe 84 ff 01 ff 00 ef 00 ff 00 ff 00 db 08 ff fe 00 7f 00 7f 00 fd 00 ff 00 ef 00 ff 80 7f 1c de 04 fb 02 ef 00 fd 00 ff 00 ef 06 ff 08 ff 00 ff 00 ff 00 ff 00 ff 00 ff 00 ff 00 ff 00 ff 00 ff 00 ff 00 ff 00 ff 00 ff 00 ff 00 ff 00 ff 00 00 ff 00 ff 00 ff 00 ff 10 ff 00 ff 00 f7 00 ff 00 ff 00 ff 00 ff 00 ff 00 ff 00 ff 00 ff 00 ff 00 bd 10 ff 00 ff 00 ff 08 ff 00 ff 00 ef 00 ff 00 ff 00 ff 00 ff 00 ff 00 ff 00 ff 00 ff 00 ff ff 22 ff 91 ff 00 fb 52 dd 00 e7 00 ef 88 f7 04 7e 00 ff 00 ce 48 2f 22 6b 04 ed 40 ff 08 ff 91 ff 04 df 00 ff 00 ff 00 ff 00 f7 00 ff 00 ff 00 df 00 ff 00 ff 00 ff 00 ff 00 ff 00 ff 00 ff 00 00 bf 90 ff 00 fd 20 ff 00 ff 00 ff 00 fb 00 bf 80 ff 37 25
valid
> 00 00 ea 91 04 00 52 1c fa bf 52 00 00
< ea 91 fa 00 bf 00 fb 00 ff 00 fb 00 ff 00 ff 00 ff 08 ef 00 ff 00 ff 00 ff 08 ff 40 df 00 ff 00 ff 41 ff 00 ff 00 ff 00 fd 00 ff 08 e7 00 5e 00 ff 3f 00 fe 45 bf 00 e7 00 f7 18 dd 01 e7 04 7e 00 fd 00 ff 00 ff 30 fd 22 f7 00 7b 40 9e 01 be 00 ff 00 ff 00 ff 00 ff 00 ff 00 ff 00 ff 00 ff 00 ff 00 ff 00 ff 00 ff 00 ff 00 ff 00 ff 00 ff 00 00 df 00 ff 20 ff 00 ff 00 ff 00 ff 00 ff 00 f7 10 ff 00 ff 00 ff 00 f3 00 ff 00 bf 00 ff 00 bd 00 f5 20 f7 00 ff 00 ff 00 ff 00 ff 00 bf 08 ff 02 ff 00 ff 01 ff 00 f7 20 ff 00 ff 00 ff 00 fb ff 00 ff 01 e7 40 ff 20 ff 00 ff 0e fb 21 b7 08 dd 31 ff 00 ff 02 ff 00 f7 00 ff 88 fd 00 ff 00 ff 00 ff 00 ff 00 ff 00 ff 00 ff 00 ff 00 ff 00 ff 00 ff 00 ff 00 ff 00 ff 00 ff 00 ff 00 ff 00 00 7f 00 ff 00 ff 00 ff 00 7f 00 ff d2 3b
valid
> 00 00 ea 91 04 00 4c 1d fa e9 de 00 00
< ea 91 fa 04 ff 40 ff 00 ff 00 ff 00 ff 00 7f 04 ff 00 ff 80 ff 00 fb 00 ff 00 ff 00 ff 00 ff 00 7f 00 ff 00 ff 00 fd 00 ff 00 bf 00 bf 00 ff 00 f7 00 ff 00 ff 01 ff ff 08 ff 0c bd 00 ff 04 ff 80 ff 08 fb 00 ff 08 f7 00 ff b8 ff 00 ff 08 ff 61 ff 00 f7 30 7f 00 ff 00 ff 00 ff 00 ff 00 ff 00 ff 00 ff 00 ff 00 ff 00 ff 00 ff 00 ff 00 ff 00 ff 00 ff 00 ff 00 00 ff 00 ff 00 ff 00 ff 00 ff 00 ff 80 ff 04 ff 00 ff 00 ff 42 fb 00 ff 04 ff 00 ff 00 f6 00 ef 00 ff 00 ff 80 ff 00 ff 08 7f 00 bf 10 ff 00 ff 00 f7 00 ff 00 f7 00 ff 00 fd 00 ff 00 ff 00 ff ef 00 ff 11 ef 80 7f 08 ff 00 ff 8c ef 20 5f a4 fb a0 df 08 f9 88 ff 02 ff 08 ea 08 ff 00 6f 80 ff 00 ff 00 ff 00 ef 00 ff 00 ff 00 ff 20 ff 00 ff 00 ff 00 ff 00 ff 00 ff 00 ff 00 ff 00 ff 00 00 ff 00 ff 00 ff c7 3c
valid
> 00 00 ea 91 04 00 46 1e fa fb 87 00 00
< ea 91 fa 00 ff 00 ff 00 ff 00 ff 00 ff 08 ff 00 ef 81 ff 00 ff 00 ff 00 ff 00 ff 00 fe 00 df 00 ff 00 bf 20 ff 00 ff 01 ff 00 ff 00 ff 00 ef 00 ff 00 ff 00 ff 08 ff 00 ef 02 ff 10 ff ff 00 df 00 ff 4a fb 88 ff 50 ef 81 fd a1 f7 01 ff 00 ff 00 b7 08 9f 52 ff 00 fd 00 7f 00 ff 80 ff 00 ff 00 ff 00 ff 00 ff 00 ff 00 ff 00 ff 00 ff 00 ff 00 ff 00 ff 00 ff 00 ff 00 ff 00 ff 00 00 ff 81 ff 00 ff 80 ff 00 ff 20 ff 28 ff 00 df 00 ff 00 ff 00 ff 00 ff 00 bf 00 fe 00 ff 00 ff 00 ff 00 ff 00 ff 00 ff 41 ff 80 ff 00 ef 40 ff 00 ff 00 9f 04 ff 00 ff 00 bf 00 ff 00 ff 00 ff ff 00 ff 00 ef 00 db 00 fb 01 77 00 fb 02 ff 00 fd 08 ff 11 ff 00 f7 00 ff 00 df 00 bf 80 ff 58 ff 00 ff 00 ff 00 ff 00 ff 00 ff 00 ff 00 ff 00 ff 00 ff 00 ff 00 ff 00 ff 00 ff 00 ff 00 ff 00 3d 12
valid
> 00 00 ea 91 04 00 40 1f c0 23 d6 00 00
< ea 91 c0 00 ff 00 ff 00 fb 00 ff 04 ff 80 ff 00 7f 00 ff 00 ff 00 ff 00 ff 00 ff 00 ff 00 ff 00 7f 00 ff 00 ff 00 ff 00 ff 00 ff 40 ff 00 ef 00 ff 00 7f 88 ff 08 ff 00 ff 00 ff 00 ff 90 ff 00 ff 00 7f e7 01 bb 00 ff 88 ff 00 7f 40 bf 00 ff 00 ff 08 f5 02 ff 10 df 00 f7 40 ff 00 fd 80 ff 04 ff 00 ff 00 ff 00 ff 00 ff 00 ff 00 ff 00 ff 40 ff 00 ff 00 ff 10 ff 00 ff 00 ff 00 ff 00 ff 00 ff 00 80 7f 00 ff 00 ff 00 ff 00 ff 00 ff 20 ff 00 ff 00 ff 00 ff 04 ff 00 fb 00 bf 00 ff 00 ff 00 ff 00 ef 00 ff 00 fb 00 ff 00 ff 01 ff 00 ff 00 ff 00 7f 00 ff 00 ff 00 ff 00 f7 00 fb 00 7f 00 ff a8 6d
valid
> 00 00 ea 91 02 06 6b 05 89 00 00
> 00 00 ea 91 02 06 6b 05 89 00 00
> 00 00 ea 91 02 06 6b 05 89 00 00
> 00 00 ea 91 02 06 6b 05 89 00 00
> 00 00 ea 91 02 06 6b 05 89 00 00
> 00 00 ea 91 02 06 6b 05 89 00 00
> 00 00 ea 91 02 06 0d 35 8f 00 00
> 00 00 ea 91 01 08 48 8c 00 00
> 00 00 ea 91 02 06 6b 05 89 00 00
> 00 00 ea 91 02 06 6b 05 89 00 00
> 00 00 ea 91 02 06 6c ba fd 00 00
> 00 00 ea 91 02 06 6b 05 89 00 00
> 00 00 ea 91 02 06 64 f2 71 00 00
> 00 00 ea 91 02 06 64 f2 71 00 00
> 00 00 ea 91 02 06 73 cc 15 00 00
> 00 00 ea 91 02 06 6a 8c 98 00 00
> 00 00 ea 91 02 06 64 f2 71 00 00
> 00 00 ea 91 02 06 69 17 aa 00 00
> 00 00 ea 91 02 06 66 e0 52 00 00
> 00 00 ea 91 02 06 6a 8c 98 00 00
> 00 00 ea 91 02 06 77 e8 53 00 00
> 00 00 ea 91 02 06 6f 21 cf 00 00
> 00 00 ea 91 02 06 69 17 aa 00 00
> 00 00 ea 91 02 06 65 7b 60 00 00
> 00 00 ea 91 02 06 6a 8c 98 00 00
> 00 00 ea 91 02 06 66 e0 52 00 00
> 00 00 ea 91 02 06 77 e8 53 00 00
> 00 00 ea 91 02 06 69 17 aa 00 00
> 00 00 ea 91 02 06 65 7b 60 00 00
> 00 00 ea 91 02 06 66 e0 52 00 00
> 00 00 ea 91 02 06 6a 8c 98 00 00
> 00 00 ea 91 02 06 77 e8 53 00 00
> 00 00 ea 91 02 06 69 17 aa 00 00
> 00 00 ea 91 02 06 65 7b 60 00 00
> 00 00 ea 91 02 06 6a 8c 98 00 00
> 00 00 ea 91 02 06 66 e0 52 00 00
> 00 00 ea 91 02 06 6a 8c 98 00 00
> 00 00 ea 91 02 06 66 e0 52 00 00
> 00 00 ea 91 02 06 6a 8c 98 00 00
> 00 00 ea 91 02 06 0d 35 8f 00 00
> 00 00 ea 91 02 06 68 9e bb 00 00
> 00 00 ea 91 02 06 65 7b 60 00 00
> 00 00 ea 91 02 06 6c ba fd 00 00
> 00 00 ea 91 02 06 6c ba fd 00 00
> 00 00 ea 91 02 06 6f 21 cf 00 00
> 00 00 ea 91 02 06 0d 35 8f 00 00
