> 00 00 ea 91 67 01 00 00 00 c3 59 00 00 00 00 00 c3 00 02 00 00 00 00 00 c3 06 02 00 00 00 00 00 c3 08 02 00 00 00 00 00 c3 0a 02 00 00 00 00 00 c3 0e 02 00 00 00 00 00 c3 10 02 00 00 00 00 00 e5 22 f6 00 f5 e1 22 f0 00 ed 43 f2 00 ed 53 f4 00 ed 73 f8 00 dd 22 fa 00 fd 22 fc 00 e1 fb ed 4d 21 00 ff f9 ed 56 fb c3 12 02 00 0f 6f 00 00
> 00 00 ea 91 67 01 64 00 00 00 00 00 00 00 00 00 00 00 00 00 00 00 00 00 00 00 00 00 00 00 00 00 00 00 00 00 00 00 00 00 00 00 00 00 00 00 00 00 00 00 00 00 00 00 00 00 00 00 00 00 00 00 00 00 00 00 00 00 00 00 00 00 00 00 00 00 00 00 00 00 00 00 00 00 00 00 00 00 00 00 00 00 00 00 00 00 00 00 00 00 00 00 00 00 00 00 00 00 4c ae 00 00
> 00 00 ea 91 67 01 c8 00 00 00 00 00 00 00 00 00 00 00 00 00 00 00 00 00 00 00 00 00 00 00 00 00 00 00 00 00 00 00 00 00 00 00 00 00 00 00 00 00 00 00 00 00 00 00 00 00 00 00 00 00 00 00 00 00 00 00 00 00 00 00 00 00 00 00 00 00 00 00 00 00 00 00 00 00 00 00 00 00 00 00 00 00 00 00 00 00 00 00 00 00 00 00 00 00 00 00 00 00 c9 90 00 00
> 00 00 ea 91 67 01 2c 01 00 00 00 00 00 00 00 00 00 00 00 00 00 00 00 00 00 00 00 00 00 00 00 00 00 00 00 00 00 00 00 00 00 00 00 00 00 00 00 00 00 00 00 00 00 00 00 00 00 00 00 00 00 00 00 00 00 00 00 00 00 00 00 00 00 00 00 00 00 00 00 00 00 00 00 00 00 00 00 00 00 00 00 00 00 00 00 00 00 00 00 00 00 00 00 00 00 00 00 00 9a 76 00 00
> 00 00 ea 91 67 01 90 01 00 00 00 00 00 00 00 00 00 00 00 00 00 00 00 00 00 00 00 00 00 00 00 00 00 00 00 00 00 00 00 00 00 00 00 00 00 00 00 00 00 00 00 00 00 00 00 00 00 00 00 00 00 00 00 00 00 00 00 00 00 00 00 00 00 00 00 00 00 00 00 00 00 00 00 00 00 00 00 00 00 00 00 00 00 00 00 00 00 00 00 00 00 00 00 00 00 00 00 00 c3 ed 00 00
> 00 00 ea 91 67 01 f4 01 00 00 00 00 00 00 00 00 00 00 00 00 af c9 0c 4d 41 ff af c9 af c9 af e1 33 e9 af c9 af c9 21 40 03 36 00 cd bf 02 cd c4 02 cd e1 02 b7 20 f7 18 f8 3a f1 00 21 f0 00 96 3e 01 c8 af c9 3a f1 00 26 01 6f 7e 21 f1 00 34 c9 0e 00 7e b7 28 04 23 0c 18 f8 79 c9 dd e5 dd 21 00 00 dd 39 f5 4d 44 33 33 d5 78 57 b0 00 00
> 00 00 ea 91 67 01 58 02 b1 20 0b dd 7e ff dd b6 fe 20 03 af 18 45 78 b1 20 04 3e 01 18 3d dd 7e ff dd b6 fe 20 04 3e ff 18 31 e1 e5 0a b7 20 08 5e 1c 1d 20 03 7b 18 23 b7 20 04 3e 01 18 1c 5e 1c 1d 20 04 3e ff 18 13 bb 20 04 23 03 18 dd 93 30 05 01 ff ff 18 03 01 01 00 79 dd f9 dd e1 c9 3e 1e d3 00 e5 cd 3d 02 e1 d3 00 47 8c 4f 00 00
> 00 00 ea 91 67 01 bc 02 ed b3 c9 3e 01 d3 00 c9 21 ca 02 c3 b0 02 7a 4f 53 3e 00 11 dd 02 21 20 03 cd 49 02 b7 ca 00 10 c9 72 75 6e 00 cd 25 02 b7 20 37 cd 31 02 4f d6 0a 28 05 79 d6 0d 20 0b cd cf 02 21 40 03 36 00 3e 01 c9 3a 40 03 d6 1e 30 18 11 20 03 3a 40 03 47 21 40 03 34 68 26 00 19 71 2a 40 03 26 00 19 36 00 af c9 d5 f8 00 00
> 00 00 ea 91 04 00 00 00 fa d5 58 00 00
< ea 91 fa 00 c3 59 00 00 00 00 00 c3 00 02 00 00 00 00 00 c3 06 02 00 00 00 00 00 c3 08 02 00 00 00 00 00 c3 0a 02 00 00 00 00 00 c3 0e 02 00 00 00 00 00 c3 10 02 00 00 00 00 00 e5 22 f6 00 f5 e1 22 f0 00 ed 43 f2 00 ed 53 f4 00 ed 73 f8 00 dd 22 fa 00 fd 22 fc 00 e1 fb ed 4d 21 00 ff f9 ed 56 fb c3 12 02 00 00 00 00 00 00 00 00 00 00 00 00 00 00 00 00 00 00 00 00 00 00 00 00 00 00 00 00 00 00 00 00 00 00 00 00 00 00 00 00 00 00 00 00 00 00 00 00 00 00 00 00 00 00 00 00 00 00 00 00 00 00 00 00 00 00 00 00 00 00 00 00 00 00 00 00 00 00 00 00 00 00 00 00 00 00 00 00 00 00 00 00 00 00 00 00 00 00 00 00 00 00 00 00 00 00 00 00 00 00 00 00 00 00 00 00 00 00 00 00 00 00 00 00 00 00 00 00 00 00 00 00 00 00 00 00 00 00 00 00 00 00 00 00 00 00 00 00 00 00 00 24 85
valid
> 00 00 ea 91 04 00 fa 00 fa 9b a7 00 00
< ea 91 fa 00 00 00 00 00 00 00 00 00 00 00 00 00 00 00 00 00 00 00 00 00 00 00 00 00 00 00 00 00 00 00 00 00 00 00 00 00 00 00 00 00 00 00 00 00 00 00 00 00 00 00 00 00 00 00 00 00 00 00 00 00 00 00 00 00 00 00 00 00 00 00 00 00 00 00 00 00 00 00 00 00 00 00 00 00 00 00 00 00 00 00 00 00 00 00 00 00 00 00 00 00 00 00 00 00 00 00 00 00 00 00 00 00 00 00 00 00 00 00 00 00 00 00 00 00 00 00 00 00 00 00 00 00 00 00 00 00 00 00 00 00 00 00 00 00 00 00 00 00 00 00 00 00 00 00 00 00 00 00 00 00 00 00 00 00 00 00 00 00 00 00 00 00 00 00 00 00 00 00 00 00 00 00 00 00 00 00 00 00 00 00 00 00 00 00 00 00 00 00 00 00 00 00 00 00 00 00 00 00 00 00 00 00 00 00 00 00 00 00 00 00 00 00 00 00 00 00 00 00 00 00 00 00 00 00 00 00 00 00 00 00 00 00 00 00 00 00 00 00 00 00 00
valid
> 00 00 ea 91 04 00 f4 01 fa 58 ae 00 00
< ea 91 fa 00 00 00 00 00 00 00 00 00 00 00 00 af c9 0c 4d 41 ff af c9 af c9 af e1 33 e9 af c9 af c9 21 40 03 36 00 cd bf 02 cd c4 02 cd e1 02 b7 20 f7 18 f8 3a f1 00 21 f0 00 96 3e 01 c8 af c9 3a f1 00 26 01 6f 7e 21 f1 00 34 c9 0e 00 7e b7 28 04 23 0c 18 f8 79 c9 dd e5 dd 21 00 00 dd 39 f5 4d 44 33 33 d5 78 b1 20 0b dd 7e ff dd b6 fe 20 03 af 18 45 78 b1 20 04 3e 01 18 3d dd 7e ff dd b6 fe 20 04 3e ff 18 31 e1 e5 0a b7 20 08 5e 1c 1d 20 03 7b 18 23 b7 20 04 3e 01 18 1c 5e 1c 1d 20 04 3e ff 18 13 bb 20 04 23 03 18 dd 93 30 05 01 ff ff 18 03 01 01 00 79 dd f9 dd e1 c9 3e 1e d3 00 e5 cd 3d 02 e1 d3 00 47 ed b3 c9 3e 01 d3 00 c9 21 ca 02 c3 b0 02 7a 4f 53 3e 00 11 dd 02 21 20 03 cd 49 02 b7 ca 00 10 c9 72 75 6e 00 cd 25 02 b7 20 37 cd 31 02 4f d6 0a 28 7a d3
valid
> 00 00 ea 91 04 00 ee 02 fa df 72 00 00
< ea 91 fa 05 79 d6 0d 20 0b cd cf 02 21 40 03 36 00 3e 01 c9 3a 40 03 d6 1e 30 18 11 20 03 3a 40 03 47 21 40 03 34 68 26 00 19 71 2a 40 03 26 00 19 36 00 af c9 92 60 90 dc cf f1 aa 40 df 75 f2 b4 56 d0 55 8b fa 2e 79 b5 f8 ab aa cb 0f 55 51 4a 58 16 41 02 40 29 f8 a2 33 a6 aa d9 bd 5d c4 61 55 07 54 86 28 0f 95 8d ba 6e ab 74 b3 7f df 7c c1 d8 14 e1 1b 0d 27 e6 04 ca fa 68 b5 57 55 3c d3 54 44 28 c2 07 a0 a2 9f 34 af 09 43 d5 d0 00 7e 1f 10 86 c0 27 84 eb d9 76 aa f2 4e 55 5f 21 99 11 50 47 8e ab 42 ca 25 e0 ae 34 ff 55 de cb 61 44 01 14 ca e6 e8 82 0b 7d af 22 2c 5d ec 43 70 58 44 27 8d a9 0b dd 58 17 ab 9e b7 dd 51 c4 54 10 41 19 0e cd 9a 0a 4b 45 eb df 03 d5 c8 08 fe 4b 00 fe 55 02 0c 6b 7a 8b ab 68 1c d5 34 58 df b6 10 a9 eb 81 38 a7 bb 9f ab 28 f7 a2
valid
> 00 00 ea 91 01 02 12 23 00 00
< ea 91 10 00 00 02 03 04 05 06 07 08 09 0a 0b 0c 0d 0e 0f 6a f4
valid
> 00 00 ea 91 01 02 12 23 00 00
< ea 91 10 01 00 02 03 04 05 06 07 08 09 0a 0b 0c 0d 0e 0f 7a 7a
valid
> 00 00 ea 91 01 02 12 23 00 00
< ea 91 10 59 00 02 03 04 05 06 07 08 09 0a 0b 0c 0d 0e 0f 34 1d
valid
> 00 00 ea 91 01 02 12 23 00 00
< ea 91 10 5c 00 02 03 04 05 06 07 08 09 0a 0b 0c 0d 0e 0f 46 bb
valid
> 00 00 ea 91 01 02 12 23 00 00
< ea 91 10 5d 00 02 03 04 05 06 07 08 09 0a 0b 0c 0d 0e 0f 56 35
valid
> 00 00 ea 91 01 02 12 23 00 00
< ea 91 10 5e 00 02 03 04 05 06 07 08 09 0a 0b 0c 0d 0e 0f 77 af
valid
> 00 00 ea 91 01 02 12 23 00 00
< ea 91 10 5f 00 02 03 04 05 06 07 08 09 0a 0b 0c 0d 0e 0f 67 21
valid
> 00 00 ea 91 01 02 12 23 00 00
< ea 91 10 60 00 02 03 04 05 06 07 08 09 0a 0b 0c 0d 0e 0f 69 29
valid
> 00 00 ea 91 01 02 12 23 00 00
< ea 91 10 12 02 02 03 04 05 06 07 08 09 0a 0b 0c 0d 0e 0f 87 d1
valid
> 00 00 ea 91 01 02 12 23 00 00
< ea 91 10 15 02 02 03 04 05 06 07 08 09 0a 0b 0c 0d 0e 0f c4 63
valid
> 00 00 ea 91 01 02 12 23 00 00
< ea 91 10 17 02 02 03 04 05 06 07 08 09 0a 0b 0c 0d 0e 0f f5 77
valid
> 00 00 ea 91 01 02 12 23 00 00
< ea 91 10 bf 02 02 03 04 05 06 07 08 09 0a 0b 0c 0d 0e 0f 25 48
valid
> 00 00 ea 91 01 02 12 23 00 00
< ea 91 10 c1 02 02 03 04 05 06 07 08 09 0a 0b 0c 0d 0e 0f 39 58
valid
> 00 00 ea 91 01 02 12 23 00 00
< ea 91 10 c3 02 02 03 04 05 06 07 08 09 0a 0b 0c 0d 0e 0f 08 4c
valid
> 00 00 ea 91 01 02 12 23 00 00
< ea 91 10 1a 02 02 03 04 05 06 07 08 09 0a 0b 0c 0d 0e 0f 43 81
valid
