> 00 00 ea 91 04 00 00 00 f8 c7 7b 00 00
< ea 91 f9 00 00 c3 59 00 00 00 00 00 dd e5 dd 21 00 00 dd 39 e5 c5 21 64 00 cb 27 85 6f dd 7e 03 4e dd 71 02 23 46 dd 70 03 c1 e1 dd e1 c9 00 00 00 00 00 00 00 00 00 00 00 00 00 00 e5 22 f6 00 f5 e1 22 f0 00 ed 43 f2 00 ed 53 f4 00 ed 73 f8 00 dd 22 fa 00 fd 22 fc 00 e1 fb ed 4d 21 00 ff f9 ed 56 fb c3 ce 03 00 5a 05 29 05 8c 04 11 05 f3 04 00 05 84 04 f7 03 60 05 40 05 66 05 99 05 87 05 a7 05 95 05 cc 05 0e 06 44 06 75 06 ac 06 ea 06 00 00 00 00 00 00 00 00 00 00 00 00 00 00 00 00 00 00 00 00 00 00 00 00 00 00 00 00 00 00 00 00 00 00 00 00 00 00 00 00 00 00 00 00 00 00 00 00 00 00 00 00 00 00 00 00 00 00 00 00 00 00 00 00 00 00 00 00 00 00 00 00 00 00 00 00 00 00 00 00 00 00 00 00 00 00 00 00 00 00 00 00 00 00 00 00 0f 0f 00 00 00 00 00 00 00 00 59 91
valid
> 00 00 ea 91 04 00 f8 00 f8 31 31 00 00
< ea 91 f9 00 00 00 00 00 00 00 00 00 6c 6f 61 64 20 66 69 6c 65 31 2e 74 78 74 0d 00 00 00 00 00 00 00 00 00 00 00 00 00 00 00 00 00 00 00 00 00 00 00 00 00 00 00 00 00 00 00 00 00 00 00 00 00 00 00 00 00 00 00 00 00 00 00 00 00 00 00 00 00 00 00 00 00 00 00 00 00 00 00 00 00 00 00 00 00 00 00 00 00 00 00 00 00 00 00 00 00 00 00 00 00 00 00 00 00 00 00 00 00 00 00 00 00 00 00 00 00 00 00 00 00 00 00 00 00 00 00 00 00 00 00 00 00 00 00 00 00 00 00 00 00 00 00 00 00 00 00 00 00 00 00 00 00 00 00 00 00 00 00 00 00 00 00 00 00 00 00 00 00 00 00 00 00 00 00 00 00 00 00 00 00 00 00 00 00 00 00 00 00 00 00 00 00 00 00 00 00 00 00 00 00 00 00 00 00 00 00 00 00 00 00 00 00 00 00 00 00 00 00 00 00 00 00 00 00 00 00 00 00 00 00 00 00 00 00 00 00 00 00 00 00 f2 69
valid
> 00 00 ea 91 04 00 f0 01 f8 2b ee 00 00
< ea 91 f9 00 00 00 00 00 00 00 00 00 00 00 00 00 00 00 00 00 21 06 02 c3 fe 06 7a 4f 53 3e 00 af f5 33 cd 5e 07 4f 3c 28 11 c5 21 00 e0 e5 11 00 10 79 cd 64 07 c1 79 c3 6a 07 21 2c 02 c3 fe 06 46 69 6c 65 20 6e 6f 74 20 66 6f 75 6e 64 00 dd e5 dd 21 00 00 dd 39 f5 21 00 00 39 e5 11 76 07 21 82 02 cd 52 07 4f 79 d6 c8 20 25 21 76 07 cd fe 06 21 84 02 cd fe 06 e1 e5 cd 04 07 cd 28 07 cd 40 07 21 00 00 39 eb 21 76 07 cd 58 07 4f 18 d6 dd f9 dd e1 c9 2f 00 20 20 00 af f5 33 cd 5e 07 4f 3c c8 11 01 00 7a b3 28 23 c5 21 1e 00 e5 11 76 07 79 cd 64 07 c1 7a b3 28 eb 21 76 07 19 36 00 c5 d5 21 76 07 cd fe 06 d1 c1 18 d9 79 cd 6a 07 c3 40 07 11 2e 03 21 76 07 cd 1c 07 4f b7 ca 00 10 11 32 03 21 76 07 cd 1c 07 b7 ca f8 06 11 36 03 21 76 07 cd 1c 07 b7 ca 3b 00 34
valid
> 00 00 ea 91 04 00 e8 02 f8 14 87 00 00
< ea 91 f9 00 02 3e 04 21 96 07 96 30 16 3e 04 f5 33 11 3a 03 21 76 07 cd 22 07 b7 20 06 21 7a 07 c3 87 02 3e 05 21 96 07 96 30 16 3e 05 f5 33 11 3f 03 21 76 07 cd 22 07 b7 20 06 21 7b 07 c3 0b 02 21 45 03 cd fe 06 c3 28 07 72 75 6e 00 63 6c 73 00 64 69 72 00 63 61 74 20 00 6c 6f 61 64 20 00 55 6e 6b 6e 6f 77 6e 20 43 6f 6d 6d 61 6e 64 00 f5 4f 21 00 00 39 eb 79 12 4b 42 03 af 02 eb cd fe 06 f1 c9 c9 cd 10 07 b7 20 5c cd 16 07 4f d6 0a 28 05 79 d6 0d 20 0e cd 28 07 cd c1 02 21 96 07 36 00 3e 01 c9 79 d6 08 20 0f 3a 96 07 b7 28 09 cd 69 03 21 96 07 35 af c9 79 d6 20 38 28 3a 96 07 d6 1e 30 21 11 76 07 3a 96 07 47 21 96 07 34 68 26 00 19 71 d5 79 cd 55 03 cd 40 07 d1 2a 96 07 26 00 19 36 00 af c9 cd 46 07 21 96 07 36 00 cd f8 06 cd 00 02 cd 40 07 cd 59 d7
valid
> 00 00 ea 91 04 00 e0 03 f8 0e 58 00 00
< ea 91 f9 00 6a 03 b7 20 f4 18 f8 4f 1a fd 21 02 00 fd 39 fd 46 00 80 81 e1 c1 e9 dd e5 dd 21 00 00 dd 39 f5 f5 3b dd 75 fd dd 74 fe 33 33 d5 dd 7e fe dd b6 fd 20 0b dd 7e fc dd b6 fb 20 03 af 18 5f dd 7e fe dd b6 fd 20 04 3e 01 18 53 dd 7e fc dd b6 fb 20 04 3e ff 18 47 e1 c1 c5 e5 dd 7e 04 dd 77 ff dd 7e ff b7 28 36 0a b7 20 08 5e 1c 1d 20 03 af 18 2b b7 20 04 3e 01 18 24 5e 1c 1d 20 04 3e ff 18 1b bb 20 04 23 03 18 0e 93 30 05 01 ff ff 18 03 01 01 00 79 18 06 dd 35 ff 18 c4 af dd f9 dd e1 e1 33 e9 3e ff f5 33 cd f7 03 c9 dd e5 dd 21 00 00 dd 39 fd 21 f8 ff fd 39 fd f9 4e 23 46 78 b1 20 07 3e 30 cd 55 03 18 44 1e 00 78 b1 28 26 33 33 c5 dd 36 fa 0a d5 21 02 00 39 cd cd 06 d1 d5 16 00 21 05 00 39 19 d1 4d 44 1c dd 7e fa c6 30 02 c1 c5 18 d6 21 03 f7 6e
valid
> 00 00 ea 91 04 00 d8 04 f8 6a 55 00 00
< ea 91 f9 00 00 39 4d 44 1d 6b 26 00 09 56 c5 d5 7a cd 55 03 d1 c1 7b b7 20 ee dd f9 dd e1 c9 3a ee 00 6f 3a ef 00 95 3e 01 c8 af c9 3a ef 00 26 01 6f 4e 21 ef 00 3e 1f 34 a6 77 79 c9 01 ff 00 af ed b1 79 ed 44 d6 02 c9 e5 cd 11 05 06 00 4f 0c e1 ed b0 c9 e5 3e 1e cd 9a 05 e1 e5 cd 11 05 f5 cd 9a 05 f1 4f 06 00 e1 c3 6a 05 21 0f 27 44 4d 29 29 2c 09 22 41 05 21 db 03 29 9f e6 2d ad 6f 22 4d 05 09 c9 3e 01 cd 9a 05 c9 3e 04 cd 9a 05 c9 4e 06 00 23 e5 2a fe 0b e5 09 3e 04 bc 20 05 cd 87 05 c5 e1 22 fe 0b e1 11 00 0c 19 eb e1 ed b0 c9 21 fe 0b 7e 23 b6 c8 af d3 00 77 2b 77 c9 2a ec 00 c9 7e 2a fe 0b 23 22 fe 0b 01 ff 0b 09 77 c9 21 fe 0b 06 0a 36 00 23 10 fb c9 21 fe 0b 36 00 23 36 00 c9 21 fe 0b 36 ff 23 36 ff c9 21 fe 0b af be 20 fd c9 dd e5 dd 21 f8 25
valid
> 00 00 ea 91 04 00 d0 05 f8 70 8a 00 00
< ea 91 f9 00 00 00 dd 39 d5 e5 cd 87 05 fd 21 00 0c fd 36 00 01 11 06 0c e1 cd 1d 05 cd bb 05 3e 01 d3 00 cd c4 05 d1 21 06 0c cd 1d 05 21 02 0c dd 5e 04 dd 56 05 0e 02 06 00 ed b0 fd 7e 00 dd e1 c9 dd e5 dd 21 00 00 dd 39 d5 e5 cd 87 05 21 00 0c 36 02 cd bb 05 3e 01 d3 00 cd c4 05 d1 21 06 0c cd 1d 05 e1 5e 23 56 21 02 0c 01 02 00 ed b0 21 00 0c 7e dd e1 c9 dd e5 dd 21 00 00 dd 39 e5 cd 87 05 d1 21 00 0c 36 05 23 dd 7e 04 77 21 06 0c eb cd 1d 05 cd bb 05 3e 01 d3 00 cd c4 05 21 01 0c 7e dd e1 e1 33 e9 dd e5 dd 21 00 00 dd 39 f5 cd 87 05 f1 21 00 0c 36 06 23 77 23 dd 4e 04 dd 46 05 71 23 70 23 73 23 72 cd bb 05 3e 01 d3 00 cd c4 05 21 02 0c 5e 23 56 dd e1 e1 c1 e9 dd e5 dd 21 00 00 dd 39 f5 cd 87 05 f1 21 00 0c 36 08 23 77 cd bb 05 3e 01 d3 00 cd f4 73
valid
> 00 00 ea 91 04 00 c8 06 f8 4f e3 00 00
< ea 91 f9 00 c4 05 dd e1 c9 5e 23 56 23 4e e5 eb af 06 10 29 17 38 03 b9 38 02 91 2c 10 f5 eb e1 77 2b 72 2b 73 c9 7a bc 38 04 c0 7b bd d0 21 ff 00 36 01 c9 f5 3e 00 c3 08 00 f5 3e 01 c3 08 00 f5 3e 02 c3 08 00 f5 3e 03 c3 08 00 f5 3e 04 c3 08 00 f5 3e 05 c3 08 00 f5 3e 06 c3 08 00 f5 3e 07 c3 08 00 f5 3e 08 c3 08 00 f5 3e 09 c3 08 00 f5 3e 0a c3 08 00 f5 3e 0b c3 08 00 f5 3e 0c c3 08 00 f5 3e 0d c3 08 00 f5 3e 0e c3 08 00 f5 3e 0f c3 08 00 f5 3e 10 c3 08 00 f5 3e 11 c3 08 00 f5 3e 12 c3 08 00 f5 3e 13 c3 08 00 f5 3e 14 c3 08 00 6c 6f 61 64 20 66 69 6c 65 31 2e 74 78 74 00 da 35 fb ff 4f ff 81 7f 00 80 84 84 a9 90 ff 00 fd 00 77 7f fa f3 00 fd 01 1a 01 80 d3 2c ef 14 bf 7a 7b 7f 67 77 1c df 00 c2 83 20 c7 06 dd 01 fb e1 fe dd dd fa 30 7f 00 0d 02 ff 7d
valid
> 00 00 ea 91 04 00 c0 07 f8 55 3c 00 00
< ea 91 f9 00 04 85 00 ef 00 f7 86 6e df 2f ee 00 be 41 20 20 30 dd c0 ea 10 fb 5d ff fd 48 bf 60 ff 28 15 09 80 e5 50 f7 00 be fc 7f fb fa ff 00 7b 00 03 20 24 5d 04 bf 62 ce e3 3e a7 ba 6f 80 f7 00 cc 00 00 76 00 f3 50 fd c4 93 eb 8a ff 08 ee 0c ee 88 01 dc 50 fe 88 ff 1b fd ef f4 5f 00 3f 49 86 00 02 fc 10 d7 00 ff 0b ff fb 2c 3d 00 ff 08 e5 20 50 c4 c1 fd 00 d7 16 7f df d9 fd 00 fe 28 87 a3 00 d3 14 0d 44 ff db df ff 81 ff 21 ff 80 01 00 00 ef 80 7f a2 37 db fd ed 47 bf 21 f7 40 c5 00 61 e7 41 d5 20 f7 50 ff fb 18 af 44 ff 04 c2 00 80 5f 00 cf 40 a7 dd 7f ff b8 dd 29 ef 4e c0 b0 44 57 23 7f 61 ff 91 7e df b1 eb 04 be 20 86 01 02 cb 00 6d 00 7f 55 fe 7d 79 ff 20 cf 02 8b 10 00 cc 40 ff 00 ff 57 5f ef 4c ff 84 fe 00 64 00 04 d7 61 f7 04 7f 7b df ff 36
valid
> 00 00 ea 91 04 00 b8 08 f8 87 f9 00 00
< ea 91 f9 00 ff 92 fe a1 ff 08 c4 53 40 55 14 ff 11 77 c6 5f 0e b6 a7 80 af 90 b4 00 40 e7 40 df 10 f6 53 ff ab b4 df 0d b1 80 2b 00 00 dd 41 7b 02 ff 5d fe bb 9d ff 04 fd 80 42 a1 10 8f 40 de 00 ff 44 fd 2f 7d fb 01 f7 28 1a 08 02 df 40 ff 01 bb 21 f7 ff 3a ff 11 ff 00 2a 48 04 df 50 d7 05 df c5 fa 7f 92 fc a6 ff 09 06 0a 80 75 00 ef 00 6d c7 fb ff ba fd 20 fd 00 b8 00 00 d7 00 7e 83 ff 45 df ff 3a 7f 1c fe 02 52 10 0a 5c 91 7f 02 d3 5a fd ff ca a5 00 af 26 b1 00 10 7f 01 f7 05 cf ea e9 da 1d ff 48 f9 e0 cd 02 01 dd c8 d7 04 fd cf 7d fe 25 fd 40 fb 00 5d 00 10 c7 08 fc 02 ff de df 7e 89 7f 42 fe 03 6d 00 02 ff d0 9f 00 ff 59 7f 7e 54 bb 00 ff 04 7a 00 45 dd 00 e7 09 7f 57 ff f7 7a ff 80 fb 00 62 10 01 e5 00 f7 09 df 4f bf bf 79 7a c2 7f 00 72 00 5d 1e
valid
> 00 00 ea 91 04 00 b0 09 f8 9d 26 00 00
< ea 91 f9 00 58 ce 14 ef 00 fb d3 fd ff a5 fa 00 fd a2 10 01 10 e5 51 5f 10 65 78 ff bf ac fe 20 ae 00 4c 82 02 45 00 77 00 7d db f7 f3 be ff 0a fb a0 2a 00 00 f5 01 df 18 fd f4 f3 fe b9 f7 00 bb 00 a8 20 00 f5 00 7f 01 fe 1e 7f be 26 3f 04 fa 22 22 46 20 ff 00 f7 05 df f8 ef ed f8 f7 30 ff 80 83 00 9a cd 00 ed 80 df 4a f5 bd d5 ff 40 bf 00 45 3a 08 cd 80 bf 04 fd e7 ff 96 4a ff 05 5e 04 04 11 05 ee 04 f7 04 dd 11 ff f6 55 bf 28 bf 00 ba 00 00 6f 10 53 0e ef 68 fb ff 53 3f 10 7f 04 ce 04 00 e4 00 3b 00 6f 2a ff de 0d ff 90 f7 00 92 0c 00 4b 18 ec 38 ef 7f ef ef 44 da 92 ff 20 52 10 00 e7 41 bf 00 ff ef ff f3 f7 f5 00 fb 44 c4 08 00 d3 20 ff 46 ff 78 d7 ff bf ff 08 e6 60 e3 21 40 74 00 ff 00 bd 3e ef fa 89 eb 08 bf 02 d3 08 00 ef 12 9d 48 bf 0a fb 2c 36
valid
> 00 00 ea 91 04 00 a8 0a f8 a2 4f 00 00
< ea 91 f9 00 5f 82 36 a1 f3 08 18 00 10 ce 04 fe 00 bd b9 f7 bf d7 bf 08 c7 21 75 e8 00 7f 00 fd 21 2f 76 fc df 9f fb 00 db 02 6e 00 c8 65 20 e7 48 f5 aa 6b bf ee 7f 04 fb 08 17 00 04 6d 48 fb 40 ff 77 6f bf a4 ef 84 ff 80 6d 00 20 cd 28 8b 02 de a3 7b ee 16 7b 80 db 00 41 01 14 c3 00 f7 00 bb c2 f7 e7 d0 e7 49 ff 04 1e 1a 00 ed 40 ef 59 ff e1 ff 7d 97 ff 41 ef a1 17 20 40 e7 28 ff 0a bd d3 fd ff 18 7f ac ff 10 2a 00 02 ff 02 db 82 fb e8 e6 f7 a6 f8 89 ff 12 e1 0c 20 f7 80 7f 40 ff ad fd 62 c7 57 48 df 00 44 34 48 dd 00 e7 00 ee 49 be fe 2a 5f 83 fe 04 57 14 41 c7 10 bf 20 df 87 ff 7e 10 ff 00 ef 02 95 02 40 77 00 fd 00 7e c3 db 7d 4c ef 04 ee 60 7d 58 04 5d 00 fd 10 ff 22 de af fe fb 90 7f 0a ac 42 10 c7 00 fd 04 df 64 7d ef b4 7f 00 bc 40 c4 c1 27 89
valid
> 00 00 ea 91 04 00 a0 0b f8 b8 90 00 00
< ea 91 f9 00 00 c7 20 ff 21 df fb f5 bd 67 7b 04 da 0a 51 00 80 cd 62 df 00 fe 5f ff ef fa b5 01 fe 08 75 0d 40 cf 80 bf 00 ff 4e be ff 87 fe 50 fb 00 11 09 07 f8 48 ef 01 bf ee ff ef dc b9 1c f7 1c 19 11 41 e9 40 ff 30 f9 56 3f cf 8a b7 40 ff 00 1e 81 00 ff ed 2f 01 ff fb f7 ae f9 fd 00 bf 00 00 00 1e 04 7a 4f 53 3e 59 5a 0d 0a 41 42 43 44 45 46 47 48 49 4a 4b 4c 4d 4e 4f 50 51 52 53 54 55 56 57 58 59 5a 0d 0a 43 44 45 46 47 48 49 4a 4b 4c 4d 4e 4f 50 51 52 53 54 55 56 57 58 59 5a 0d 0a 41 42 43 44 45 46 47 48 49 4a 4b 4c 4d 4e 4f 50 51 52 53 54 55 56 57 58 59 5a 0d 0a 41 42 43 44 45 46 47 48 49 4a 4b 4c 4d 4e 4f 50 51 52 53 54 55 56 57 58 59 5a 0d 0a 41 42 43 44 45 46 47 48 49 4a 4b 4c 4d 4e 4f 50 51 52 53 54 55 56 57 58 59 5a 0d 0a 41 42 43 44 f3 37
valid
> 00 00 ea 91 04 00 98 0c f8 dc 9d 00 00
< ea 91 f9 00 45 46 47 48 49 4a 4b 4c 4d 4e 4f 50 51 52 53 54 55 56 57 58 59 5a 0d 0a 41 42 43 44 45 46 47 48 49 4a 4b 4c 4d 4e 4f 50 51 52 53 54 55 56 57 58 59 5a 0d 0a 41 42 43 44 45 46 47 48 49 4a 4b 4c 4d 4e 4f 50 51 52 53 54 55 56 57 58 59 5a 0d 0a 41 42 43 44 45 46 47 48 49 4a 4b 4c 4d 4e 4f 50 51 52 53 54 55 56 57 58 28 cf 83 bf 00 ff a9 7f d5 95 f7 2a df 62 c1 02 7c 75 28 ff 00 ff df 7f f7 7d df 01 7d 42 b9 00 80 e5 80 e7 80 bf 6d ff d3 44 df 82 cf 00 15 68 00 c7 31 6f 18 9d b6 f3 bf 04 fd b0 f5 05 e5 50 84 8d 02 ff 06 f7 a0 ff ff 21 be 10 9f 50 df 3a 50 35 03 b9 00 ff 8f f2 99 b2 9f 00 fd 00 b6 c8 81 43 00 75 00 bf 58 f9 bf 49 ff 40 ff 09 83 00 04 ed 25 7f 09 cb ec df ff 27 9f 00 fb 08 14 40 92 7b 07 7f 14 f7 8b ba ff 4c fd 49 37 10 97 86 87 35
valid
> 00 00 ea 91 04 00 90 0d f8 c6 42 00 00
< ea 91 f9 00 6a d6 34 df 02 fe 69 ef ff af ff 2a ff 52 a2 40 c0 ec 00 ff 07 ff c2 e9 fe 73 3d 20 fc c4 7f 40 3a bd 0c be 08 7f 68 67 7f c8 ff 00 3f 00 a2 00 26 ad 0c bd 08 fb 86 ff 7e e8 ff 60 7f 00 e5 00 06 dd 00 a7 10 d7 33 ef 1f bd fd 00 de 44 93 00 09 7a 00 bf 28 fd 50 fa ff 8c ff 02 ff 01 85 2c 00 ee 00 7e 02 bf c1 ff 75 d6 77 a1 fb 81 b1 80 80 a7 00 bf 00 fd 66 f2 fb 97 f7 02 bf 20 36 80 10 57 01 ff 0c ff dd ff ee 8a ff 2a fe 06 6d 81 00 f5 00 ff 40 ff f0 7f fe 21 57 00 fe 00 db 80 08 ec 02 7f cd ff 80 1e ff 0e ff 68 df 12 a5 89 00 cf 01 f7 40 f7 73 fe fb 30 fd 00 fd 09 0a 03 30 f4 08 ff 28 e6 df ff ef 2a bf 10 ff 00 cb 40 00 e4 50 fb 00 f7 04 df 97 27 4e 91 77 00 d6 02 00 78 05 fc 18 fb 1b ef f7 aa ce 00 ef 03 60 08 40 db 40 fe 00 ef 1d bf ac 15
valid
> 00 00 ea 91 04 00 88 0e f8 f9 2b 00 00
< ea 91 f9 00 fd e2 ef a5 7f 01 e6 80 04 9d 83 ff 28 fc 7e bf fd da bf 20 fd 00 c4 02 00 b6 10 ff 02 fb dc bf cf a0 fb 08 f6 30 4b 83 00 fe 43 ff 02 bf 64 f3 ff 03 ff 28 3f 00 9e 60 18 f6 01 ff 88 73 40 ff 7f af bb 00 f7 80 ce 80 10 77 80 df 48 ff 05 7b ff 86 ba 22 bf 08 dd 16 00 d5 34 de 30 fb 0b ff bf 3f b3 02 ff 20 ea 01 00 f5 98 fd 20 fe b0 6f cb 0e ff 24 f9 00 96 00 00 df 02 ff 40 ff 1e ea ff 70 ff 00 f6 84 63 02 00 df 00 eb 40 ff 2d 87 eb 89 f7 4c 55 20 8b 40 00 a5 81 f3 90 df d0 ff fb a1 ef 01 ff 86 6d 04 50 5d 00 fe 31 9f 8d ef fb a2 db 29 ff 41 1d 18 14 5d 42 f7 12 ff b0 df ff 07 ff 80 ff 20 f6 02 d0 ed 00 f7 00 bf 1a ff de 28 df 40 ff 08 a2 20 02 c5 8a ff 41 ff 16 af fe 31 7f 01 f7 00 2a 00 00 fb 30 bf 0c 7f 37 fe ef 60 7f 08 7f 11 20 88 88 55
valid
> 00 00 ea 91 04 00 80 0f e8 62 e4 00 00
< ea 91 e9 00 20 f5 00 37 80 ef 71 7f ff 64 ff 04 9f 04 4a 80 a1 c7 00 bb 08 eb 58 9c ff 5f d9 00 ff 10 b5 c2 8e f5 00 d7 13 ef d7 fe ff 0e fe 10 ff 80 8b 10 02 7e 00 ff 4d ff 82 ff af 16 fe 02 df 80 d6 04 91 45 28 df 00 ff c0 db df a1 bd 91 bf 88 56 44 20 e5 48 7d 10 fe 91 7e f8 e2 ad 02 e7 84 ac 00 20 d7 81 fd 08 bf d5 7e af 1e fe 21 79 20 aa 04 13 d7 00 ff 41 ff 17 f7 ff c5 de 70 f7 a0 86 09 41 42 43 44 45 46 47 48 49 4a 4b 4c 4d 4e 4f 50 51 52 53 54 55 56 57 58 59 5a 0d 0a 41 42 43 44 45 46 47 48 49 4a 4b 4c 4d 4e 4f 50 51 52 53 54 55 56 57 58 59 5a 0d 0a 41 42 43 44 45 46 47 48 49 4a 4b 4c 4d 4e 4f 50 51 52 53 54 55 56 57 58 59 5a 0d 0a 41 42 43 44 45 46 47 48 49 4a 4b 4c 4d 4e 4f 50 51 52 53 54 da b9
valid
> 00 00 ea 91 01 08 48 8c 00 00
> 00 00 ea 91 02 06 6c ba fd 00 00
< ea 91 03 ff 49 4f 7e ed
valid
< ea 91 06 ff 6c 65 6e 3d 33 8e cc
valid
> 00 00 ea 91 02 06 6f 21 cf 00 00
< ea 91 03 ff 49 4f 7e ed
valid
< ea 91 06 ff 6c 65 6e 3d 33 8e cc
valid
> 00 00 ea 91 02 06 61 5f 26 00 00
< ea 91 03 ff 49 4f 7e ed
valid
< ea 91 06 ff 6c 65 6e 3d 33 8e cc
valid
> 00 00 ea 91 02 06 64 f2 71 00 00
< ea 91 03 ff 49 4f 7e ed
valid
< ea 91 06 ff 6c 65 6e 3d 33 8e cc
valid
> 00 00 ea 91 02 06 20 d2 75 00 00
< ea 91 03 ff 49 4f 7e ed
valid
< ea 91 06 ff 6c 65 6e 3d 33 8e cc
valid
> 00 00 ea 91 02 06 66 e0 52 00 00
< ea 91 03 ff 49 4f 7e ed
valid
< ea 91 06 ff 6c 65 6e 3d 33 8e cc
valid
> 00 00 ea 91 02 06 69 17 aa 00 00
< ea 91 03 ff 49 4f 7e ed
valid
< ea 91 06 ff 6c 65 6e 3d 33 8e cc
valid
> 00 00 ea 91 02 06 62 c4 14 00 00
< ea 91 03 ff 49 4f 7e ed
valid
< ea 91 06 ff 6c 65 6e 3d 33 8e cc
valid
> 00 00 ea 91 02 06 0d 35 8f 00 00
< ea 91 03 ff 49 4f 7e ed
valid
< ea 91 06 ff 6c 65 6e 3d 31 9c ef
valid
< ea 91 03 ff 49 4f 7e ed
valid
< ea 91 05 ff 44 49 53 4b 21 0e
valid
< ea 91 0d ff 4f 70 65 6e 69 6e 67 20 66 69 6c 65 a8 40
valid
< ea 91 05 ff 44 4f 4e 45 6f 14
valid
< ea 91 03 ff 49 4f 7e ed
valid
< ea 91 05 ff 44 49 53 4b 21 0e
valid
< ea 91 0c ff 52 65 61 64 69 6e 67 20 32 35 30 cf 2f
valid
< ea 91 0c ff 52 65 61 64 69 6e 67 20 32 35 30 cf 2f
valid
< ea 91 0c ff 52 65 61 64 69 6e 67 20 32 30 32 65 72
valid
< ea 91 05 ff 44 4f 4e 45 6f 14
valid
< ea 91 03 ff 49 4f 7e ed
valid
< ea 91 05 ff 44 49 53 4b 21 0e
valid
< ea 91 05 ff 44 4f 4e 45 6f 14
valid
< ea 91 03 ff 49 4f 7e ed
valid
< ea 91 06 ff 6c 65 6e 3d 36 23 9b
valid
> 00 00 ea 91 02 06 72 45 04 00 00
< ea 91 03 ff 49 4f 7e ed
valid
< ea 91 06 ff 6c 65 6e 3d 33 8e cc
valid
> 00 00 ea 91 02 06 75 fa 70 00 00
< ea 91 03 ff 49 4f 7e ed
valid
< ea 91 06 ff 6c 65 6e 3d 33 8e cc
valid
> 00 00 ea 91 02 06 6e a8 de 00 00
< ea 91 03 ff 49 4f 7e ed
valid
< ea 91 06 ff 6c 65 6e 3d 33 8e cc
valid
> 00 00 ea 91 02 06 0d 35 8f 00 00
> 00 00 ea 91 01 02 12 23 00 00
< ea 91 11 02 22 00 00 00 00 00 00 00 00 00 00 00 00 00 00 00 2e 7f
valid
> 00 00 ea 91 01 02 12 23 00 00
< ea 91 11 02 23 00 00 00 00 00 00 00 00 00 00 00 00 00 00 00 3e f1
valid
> 00 00 ea 91 01 02 12 23 00 00
< ea 91 11 02 25 00 00 00 00 00 00 00 00 00 00 00 00 00 00 00 6d cd
valid
> 00 00 ea 91 01 02 12 23 00 00
< ea 91 11 02 26 00 00 00 00 00 00 00 00 00 00 00 00 00 00 00 4c 57
valid
> 00 00 ea 91 01 02 12 23 00 00
< ea 91 11 02 27 00 00 00 00 00 00 00 00 00 00 00 00 00 00 00 5c d9
valid
> 00 00 ea 91 01 02 12 23 00 00
< ea 91 11 02 28 00 00 00 00 00 00 00 00 00 00 00 00 00 00 00 db 3b
valid
> 00 00 ea 91 01 02 12 23 00 00
< ea 91 11 02 29 00 00 00 00 00 00 00 00 00 00 00 00 00 00 00 cb b5
valid
> 00 00 ea 91 01 02 12 23 00 00
< ea 91 11 02 f3 04 00 00 00 00 00 00 00 00 00 00 00 00 00 00 18 ca
valid
> 00 00 ea 91 01 08 48 8c 00 00
> 00 00 ea 91 02 06 63 4d 05 00 00
< ea 91 03 ff 49 4f 7e ed
valid
< ea 91 06 ff 6c 65 6e 3d 39 d4 63
valid
> 00 00 ea 91 02 06 6c ba fd 00 00
< ea 91 03 ff 49 4f 7e ed
valid
< ea 91 06 ff 6c 65 6e 3d 33 8e cc
valid
> 00 00 ea 91 02 06 73 cc 15 00 00
< ea 91 03 ff 49 4f 7e ed
valid
< ea 91 06 ff 6c 65 6e 3d 33 8e cc
valid
> 00 00 ea 91 02 06 0d 35 8f 00 00
< ea 91 03 ff 49 4f 7e ed
valid
< ea 91 06 ff 6c 65 6e 3d 38 5d 72
valid
> 00 00 ea 91 02 06 72 45 04 00 00
< ea 91 03 ff 49 4f 7e ed
valid
< ea 91 06 ff 6c 65 6e 3d 33 8e cc
valid
> 00 00 ea 91 02 06 75 fa 70 00 00
< ea 91 03 ff 49 4f 7e ed
valid
< ea 91 06 ff 6c 65 6e 3d 33 8e cc
valid
> 00 00 ea 91 02 06 6e a8 de 00 00
< ea 91 03 ff 49 4f 7e ed
valid
< ea 91 06 ff 6c 65 6e 3d 33 8e cc
valid
> 00 00 ea 91 02 06 0d 35 8f 00 00
< ea 91 03 ff 49 4f 7e ed
valid
< ea 91 07 ff 6c 65 6e 3d 31 32 9b 4c
valid
> 00 00 ea 91 02 06 72 45 04 00 00
< ea 91 03 ff 49 4f 7e ed
valid
< ea 91 06 ff 6c 65 6e 3d 33 8e cc
valid
> 00 00 ea 91 02 06 75 fa 70 00 00
< ea 91 03 ff 49 4f 7e ed
valid
< ea 91 06 ff 6c 65 6e 3d 33 8e cc
valid
> 00 00 ea 91 02 06 6e a8 de 00 00
< ea 91 03 ff 49 4f 7e ed
valid
< ea 91 06 ff 6c 65 6e 3d 33 8e cc
valid
> 00 00 ea 91 02 06 0d 35 8f 00 00
< ea 91 03 ff 49 4f 7e ed
valid
< ea 91 07 ff 6c 65 6e 3d 31 32 9b 4c
valid
> 00 00 ea 91 02 06 63 4d 05 00 00
< ea 91 03 ff 49 4f 7e ed
valid
< ea 91 06 ff 6c 65 6e 3d 33 8e cc
valid
> 00 00 ea 91 02 06 6c ba fd 00 00
< ea 91 03 ff 49 4f 7e ed
valid
< ea 91 06 ff 6c 65 6e 3d 33 8e cc
valid
> 00 00 ea 91 02 06 73 cc 15 00 00
< ea 91 03 ff 49 4f 7e ed
valid
< ea 91 06 ff 6c 65 6e 3d 33 8e cc
valid
> 00 00 ea 91 02 06 0d 35 8f 00 00
< ea 91 03 ff 49 4f 7e ed
valid
< ea 91 06 ff 6c 65 6e 3d 38 5d 72
valid
> 00 00 ea 91 02 06 64 f2 71 00 00
< ea 91 03 ff 49 4f 7e ed
valid
< ea 91 06 ff 6c 65 6e 3d 33 8e cc
valid
> 00 00 ea 91 02 06 69 17 aa 00 00
< ea 91 03 ff 49 4f 7e ed
valid
< ea 91 06 ff 6c 65 6e 3d 33 8e cc
valid
> 00 00 ea 91 02 06 72 45 04 00 00
< ea 91 03 ff 49 4f 7e ed
valid
< ea 91 06 ff 6c 65 6e 3d 33 8e cc
valid
> 00 00 ea 91 02 06 0d 35 8f 00 00
< ea 91 03 ff 49 4f 7e ed
valid
< ea 91 06 ff 6c 65 6e 3d 31 9c ef
valid
< ea 91 03 ff 49 4f 7e ed
valid
< ea 91 05 ff 44 49 53 4b 21 0e
valid
< ea 91 04 ff 66 69 62 1f e4
valid
< ea 91 05 ff 44 4f 4e 45 6f 14
valid
< ea 91 03 ff 49 4f 7e ed
valid
< ea 91 07 ff 6c 65 6e 3d 31 39 48 f2
valid
< ea 91 03 ff 49 4f 7e ed
valid
< ea 91 05 ff 44 49 53 4b 21 0e
valid
< ea 91 0a ff 66 69 6c 65 31 2e 74 78 74 42 7a
valid
< ea 91 05 ff 44 4f 4e 45 6f 14
valid
< ea 91 03 ff 49 4f 7e ed
valid
< ea 91 07 ff 6c 65 6e 3d 32 35 4c 12
valid
< ea 91 03 ff 49 4f 7e ed
valid
< ea 91 05 ff 44 49 53 4b 21 0e
valid
< ea 91 05 ff 44 4f 4e 45 6f 14
valid
< ea 91 03 ff 49 4f 7e ed
valid
< ea 91 06 ff 6c 65 6e 3d 36 23 9b
valid
> 00 00 ea 91 02 06 70 57 27 00 00
< ea 91 03 ff 49 4f 7e ed
valid
< ea 91 06 ff 6c 65 6e 3d 33 8e cc
valid
> 00 00 ea 91 02 06 77 e8 53 00 00
< ea 91 03 ff 49 4f 7e ed
valid
< ea 91 06 ff 6c 65 6e 3d 33 8e cc
valid
> 00 00 ea 91 02 06 64 f2 71 00 00
< ea 91 03 ff 49 4f 7e ed
valid
< ea 91 06 ff 6c 65 6e 3d 33 8e cc
valid
> 00 00 ea 91 02 06 0d 35 8f 00 00
< ea 91 03 ff 49 4f 7e ed
valid
< ea 91 07 ff 6c 65 6e 3d 32 35 4c 12
valid
> 00 00 ea 91 02 06 6c ba fd 00 00
< ea 91 03 ff 49 4f 7e ed
valid
< ea 91 06 ff 6c 65 6e 3d 33 8e cc
valid
> 00 00 ea 91 02 06 6f 21 cf 00 00
< ea 91 03 ff 49 4f 7e ed
valid
< ea 91 06 ff 6c 65 6e 3d 33 8e cc
valid
> 00 00 ea 91 02 06 61 5f 26 00 00
< ea 91 03 ff 49 4f 7e ed
valid
< ea 91 06 ff 6c 65 6e 3d 33 8e cc
valid
> 00 00 ea 91 02 06 64 f2 71 00 00
< ea 91 03 ff 49 4f 7e ed
valid
< ea 91 06 ff 6c 65 6e 3d 33 8e cc
valid
> 00 00 ea 91 02 06 20 d2 75 00 00
< ea 91 03 ff 49 4f 7e ed
valid
< ea 91 06 ff 6c 65 6e 3d 33 8e cc
valid
> 00 00 ea 91 02 06 66 e0 52 00 00
< ea 91 03 ff 49 4f 7e ed
valid
< ea 91 06 ff 6c 65 6e 3d 33 8e cc
valid
> 00 00 ea 91 02 06 69 17 aa 00 00
< ea 91 03 ff 49 4f 7e ed
valid
< ea 91 06 ff 6c 65 6e 3d 33 8e cc
valid
> 00 00 ea 91 02 06 62 c4 14 00 00
< ea 91 03 ff 49 4f 7e ed
valid
< ea 91 06 ff 6c 65 6e 3d 33 8e cc
valid
> 00 00 ea 91 02 06 0d 35 8f 00 00
< ea 91 03 ff 49 4f 7e ed
valid
< ea 91 06 ff 6c 65 6e 3d 31 9c ef
valid
< ea 91 03 ff 49 4f 7e ed
valid
< ea 91 05 ff 44 49 53 4b 21 0e
valid
< ea 91 0d ff 4f 70 65 6e 69 6e 67 20 66 69 6c 65 a8 40
valid
< ea 91 05 ff 44 4f 4e 45 6f 14
valid
< ea 91 03 ff 49 4f 7e ed
valid
< ea 91 05 ff 44 49 53 4b 21 0e
valid
< ea 91 0c ff 52 65 61 64 69 6e 67 20 32 35 30 cf 2f
valid
< ea 91 0c ff 52 65 61 64 69 6e 67 20 32 35 30 cf 2f
valid
< ea 91 0c ff 52 65 61 64 69 6e 67 20 32 30 32 65 72
valid
< ea 91 05 ff 44 4f 4e 45 6f 14
valid
< ea 91 03 ff 49 4f 7e ed
valid
< ea 91 05 ff 44 49 53 4b 21 0e
valid
< ea 91 05 ff 44 4f 4e 45 6f 14
valid
< ea 91 03 ff 49 4f 7e ed
valid
< ea 91 06 ff 6c 65 6e 3d 36 23 9b
valid
> 00 00 ea 91 02 06 72 45 04 00 00
< ea 91 03 ff 49 4f 7e ed
valid
< ea 91 06 ff 6c 65 6e 3d 33 8e cc
valid
> 00 00 ea 91 02 06 75 fa 70 00 00
< ea 91 03 ff 49 4f 7e ed
valid
< ea 91 06 ff 6c 65 6e 3d 33 8e cc
valid
> 00 00 ea 91 02 06 6e a8 de 00 00
< ea 91 03 ff 49 4f 7e ed
valid
< ea 91 06 ff 6c 65 6e 3d 33 8e cc
valid
> 00 00 ea 91 02 06 0d 35 8f 00 00
< ea 91 03 ff 49 4f 7e ed
valid
< ea 91 07 ff 6c 65 6e 3d 31 32 9b 4c
valid
