ASxxxx Assembler V02.00 + NoICE + SDCC mods  (Zilog Z80 / Hitachi HD64180 / ZX-Next / eZ80), page 1.
Hexadecimal [24-Bits]



                                      1 	.area _CODE
                                      2 
      000000                          3 _cls::
      000000 3E 00            [ 7]    4 	LD A,#0
      000002 CF                       5 	.db 0xCF
      000003 C9               [10]    6 	ret
                                      7 
      000004                          8 _print_text::
      000004 3E 01            [ 7]    9 	LD A,#1
      000006 CF                      10 	.db 0xCF
      000007 C9               [10]   11 	ret
                                     12 
      000008                         13 _strlen::
      000008 3E 02            [ 7]   14 	LD A,#2
      00000A CF                      15 	.db 0xCF
      00000B C9               [10]   16 	ret
                                     17 
      00000C                         18 _input_empty::
      00000C 3E 03            [ 7]   19 	LD A,#3
      00000E CF                      20 	.db 0xCF
      00000F C9               [10]   21 	ret
                                     22 
      000010                         23 _input_read::
      000010 3E 04            [ 7]   24 	LD A,#4
      000012 CF                      25 	.db 0xCF
      000013 C9               [10]   26 	ret
                                     27 
      000014                         28 _strcmp::
      000014 3E 05            [ 7]   29 	LD A,#5
      000016 CF                      30 	.db 0xCF
      000017 C9               [10]   31 	ret
                                     32 
      000018                         33 _newline::
      000018 3E 06            [ 7]   34 	LD A,#6
      00001A CF                      35 	.db 0xCF
      00001B C9               [10]   36 	ret
                                     37 
      00001C                         38 _rng::
      00001C 3E 07            [ 7]   39 	LD A,#7
      00001E CF                      40 	.db 0xCF
      00001F C9               [10]   41 	ret
                                     42 
      000020                         43 _gpu_block::
      000020 3E 08            [ 7]   44 	LD A,#8
      000022 CF                      45 	.db 0xCF
      000023 C9               [10]   46 	ret
                                     47 
      000024                         48 _timer::
      000024 3E 09            [ 7]   49 	LD A,#9
      000026 CF                      50 	.db 0xCF
      000027 C9               [10]   51 	ret
                                     52 
      000028                         53 _backspace::
      000028 3E 0C            [ 7]   54 	LD A,#12
      00002A D3 00            [11]   55 	OUT (0),A
ASxxxx Assembler V02.00 + NoICE + SDCC mods  (Zilog Z80 / Hitachi HD64180 / ZX-Next / eZ80), page 2.
Hexadecimal [24-Bits]



      00002C C9               [10]   56 	ret
ASxxxx Assembler V02.00 + NoICE + SDCC mods  (Zilog Z80 / Hitachi HD64180 / ZX-Next / eZ80), page 3.
Hexadecimal [24-Bits]

Symbol Table

    .__.$$$.=  002710 L   |     .__.ABS.=  000000 G   |     .__.CPU.=  000000 L
    .__.H$L.=  000000 L   |   0 _backspa   000028 GR  |   0 _cls       000000 GR
  0 _gpu_blo   000020 GR  |   0 _input_e   00000C GR  |   0 _input_r   000010 GR
  0 _newline   000018 GR  |   0 _print_t   000004 GR  |   0 _rng       00001C GR
  0 _strcmp    000014 GR  |   0 _strlen    000008 GR  |   0 _timer     000024 GR

ASxxxx Assembler V02.00 + NoICE + SDCC mods  (Zilog Z80 / Hitachi HD64180 / ZX-Next / eZ80), page 4.
Hexadecimal [24-Bits]

Area Table

   0 _CODE      size     2D   flags    0

