ASxxxx Assembler V02.00 + NoICE + SDCC mods  (Zilog Z80 / Hitachi HD64180 / ZX-Next / eZ80)                   Page 1
Hexadecimal [24-Bits]



                                      1 ;--------------------------------------------------------
                                      2 ; File Created by SDCC : free open source ANSI-C Compiler
                                      3 ; Version 4.1.0 #12072 (MINGW64)
                                      4 ;--------------------------------------------------------
                                      5 	.module bootloader
                                      6 	.optsdcc -mz80
                                      7 	
                                      8 ;--------------------------------------------------------
                                      9 ; Public variables in this module
                                     10 ;--------------------------------------------------------
                                     11 	.globl _start_bootloader
                                     12 	.globl _service1
                                     13 	.globl _main
                                     14 ;--------------------------------------------------------
                                     15 ; special function registers
                                     16 ;--------------------------------------------------------
                                     17 ;--------------------------------------------------------
                                     18 ; ram data
                                     19 ;--------------------------------------------------------
                                     20 	.area _DATA
                                     21 ;--------------------------------------------------------
                                     22 ; ram data
                                     23 ;--------------------------------------------------------
                                     24 	.area _INITIALIZED
                                     25 ;--------------------------------------------------------
                                     26 ; absolute external ram data
                                     27 ;--------------------------------------------------------
                                     28 	.area _DABS (ABS)
                                     29 ;--------------------------------------------------------
                                     30 ; global & static initialisations
                                     31 ;--------------------------------------------------------
                                     32 	.area _HOME
                                     33 	.area _GSINIT
                                     34 	.area _GSFINAL
                                     35 	.area _GSINIT
                                     36 ;--------------------------------------------------------
                                     37 ; Home
                                     38 ;--------------------------------------------------------
                                     39 	.area _HOME
                                     40 	.area _HOME
                                     41 ;--------------------------------------------------------
                                     42 ; code
                                     43 ;--------------------------------------------------------
                                     44 	.area _BOOT
                                     45 ;bootloader.c:6: void start_bootloader()
                                     46 ;	---------------------------------
                                     47 ; Function start_bootloader
                                     48 ; ---------------------------------
      000000                         49 _start_bootloader::
                                     50 ;bootloader.c:8: main();
                                     51 ;bootloader.c:14: __endasm;
      000000 C3 00 00         [10]   52 	jp  _main
      000003 00               [ 4]   53 	nop
      000004 00               [ 4]   54 	nop
      000005 00               [ 4]   55 	nop
ASxxxx Assembler V02.00 + NoICE + SDCC mods  (Zilog Z80 / Hitachi HD64180 / ZX-Next / eZ80)                   Page 2
Hexadecimal [24-Bits]



      000006 00               [ 4]   56 	nop
      000007 F5               [11]   57 	push  af
      000008 C5               [11]   58 	push  bc
      000009 E5               [11]   59 	push  hl
      00000A DD E5            [15]   60 	push  ix
      00000C FD E5            [15]   61 	push  iy
      00000E CD 00 00         [17]   62 	call  _service1
      000011 FD E1            [14]   63 	pop   iy
      000013 DD E1            [14]   64 	pop   ix
      000015 E1               [10]   65 	pop   hl
      000016 C1               [10]   66 	pop   bc
      000017 F1               [10]   67 	pop   af
      000018 C9               [10]   68 	ret
      000019 00               [ 4]   69 	nop
      00001A 00               [ 4]   70 	nop
      00001B 00               [ 4]   71 	nop
      00001C 00               [ 4]   72 	nop
                                     73 
                                     74 ;bootloader.c:37: }
                                     75 	.area _BOOT
                                     76 	.area _INITIALIZER
                                     77 	.area _CABS (ABS)
ASxxxx Assembler V02.00 + NoICE + SDCC mods  (Zilog Z80 / Hitachi HD64180 / ZX-Next / eZ80)                   Page 3
Hexadecimal [24-Bits]

Symbol Table

    .__.$$$.=  002710 L   |     .__.ABS.=  000000 G   |     .__.CPU.=  000000 L
    .__.H$L.=  000000 L   |     _main      ****** GX  |     _service   ****** GX
  7 _start_b   000000 GR

ASxxxx Assembler V02.00 + NoICE + SDCC mods  (Zilog Z80 / Hitachi HD64180 / ZX-Next / eZ80)                   Page 4
Hexadecimal [24-Bits]

Area Table

   0 _CODE      size      0   flags    0
   1 _DATA      size      0   flags    0
   2 _INITIAL   size      0   flags    0
   3 _DABS      size      0   flags    8
   4 _HOME      size      0   flags    0
   5 _GSINIT    size      0   flags    0
   6 _GSFINAL   size      0   flags    0
   7 _BOOT      size     1D   flags    0
   8 _INITIAL   size      0   flags    0
   9 _CABS      size      0   flags    8

