                                      1 ;--------------------------------------------------------
                                      2 ; File Created by SDCC : free open source ISO C Compiler 
                                      3 ; Version 4.2.2 #13407 (MINGW64)
                                      4 ;--------------------------------------------------------
                                      5 	.module dflt
                                      6 	.optsdcc -mz80
                                      7 	
                                      8 ;--------------------------------------------------------
                                      9 ; Public variables in this module
                                     10 ;--------------------------------------------------------
                                     11 	.globl _entry_point
                                     12 	.globl _println
                                     13 ;--------------------------------------------------------
                                     14 ; special function registers
                                     15 ;--------------------------------------------------------
                                     16 ;--------------------------------------------------------
                                     17 ; ram data
                                     18 ;--------------------------------------------------------
                                     19 	.area _DATA
                                     20 ;--------------------------------------------------------
                                     21 ; ram data
                                     22 ;--------------------------------------------------------
                                     23 	.area _INITIALIZED
                                     24 ;--------------------------------------------------------
                                     25 ; absolute external ram data
                                     26 ;--------------------------------------------------------
                                     27 	.area _DABS (ABS)
                                     28 ;--------------------------------------------------------
                                     29 ; global & static initialisations
                                     30 ;--------------------------------------------------------
                                     31 	.area _HOME
                                     32 	.area _GSINIT
                                     33 	.area _GSFINAL
                                     34 	.area _GSINIT
                                     35 ;--------------------------------------------------------
                                     36 ; Home
                                     37 ;--------------------------------------------------------
                                     38 	.area _HOME
                                     39 	.area _HOME
                                     40 ;--------------------------------------------------------
                                     41 ; code
                                     42 ;--------------------------------------------------------
                                     43 	.area _DFLT
                                     44 ;dflt.c:3: void entry_point()
                                     45 ;	---------------------------------
                                     46 ; Function entry_point
                                     47 ; ---------------------------------
      000000                         48 _entry_point::
                                     49 ;dflt.c:5: println("Hello World");
      000000 21r06r00         [10]   50 	ld	hl, #___str_0
                                     51 ;dflt.c:6: }
      000003 C3r00r00         [10]   52 	jp	_println
      000006                         53 ___str_0:
      000006 48 65 6C 6C 6F 20 57    54 	.ascii "Hello World"
             6F 72 6C 64
      000011 00                      55 	.db 0x00
                                     56 	.area _DFLT
                                     57 	.area _INITIALIZER
                                     58 	.area _CABS (ABS)
