> 00 00 ea 91 67 01 00 00 00 00 00 c3 59 00 00 00 dd e5 dd 21 00 00 dd 39 e5 c5 21 64 00 cb 27 85 6f dd 7e 03 4e dd 71 02 23 46 dd 70 03 c1 e1 dd e1 c9 00 00 00 00 00 00 00 00 00 00 00 00 00 00 e5 22 f6 00 f5 e1 22 f0 00 ed 43 f2 00 ed 53 f4 00 ed 73 f8 00 dd 22 fa 00 fd 22 fc 00 e1 fb ed 4d 21 00 ff f9 ed 56 fb c3 f8 03 00 40 be 00 00
> 00 00 ea 91 67 01 64 00 84 05 53 05 b6 04 3b 05 1d 05 2a 05 ae 04 21 04 8a 05 6a 05 90 05 c3 05 b1 05 d1 05 bf 05 f6 05 38 06 6e 06 9f 06 d6 06 41 07 f7 06 00 00 00 00 00 00 00 00 00 00 00 00 00 00 00 00 00 00 00 00 00 00 00 00 00 00 00 00 00 00 00 00 00 00 00 00 00 00 00 00 00 00 00 00 00 00 00 00 00 00 00 00 00 00 00 00 c2 dc 00 00
> 00 00 ea 91 67 01 c8 00 00 00 00 00 00 00 00 00 00 00 00 00 00 00 00 00 00 00 00 00 00 00 00 00 00 00 00 00 00 00 00 00 00 00 00 00 00 00 00 00 00 00 00 00 00 00 00 00 00 00 00 00 00 00 00 00 00 00 00 00 00 00 00 00 00 00 00 00 00 00 00 00 00 00 00 00 00 00 00 00 00 00 00 00 00 00 00 00 00 00 00 00 00 00 00 00 00 00 00 00 c9 90 00 00
> 00 00 ea 91 67 01 2c 01 00 00 00 00 00 00 00 00 00 00 00 00 00 00 00 00 00 00 00 00 00 00 00 00 00 00 00 00 00 00 00 00 00 00 00 00 00 00 00 00 00 00 00 00 00 00 00 00 00 00 00 00 00 00 00 00 00 00 00 00 00 00 00 00 00 00 00 00 00 00 00 00 00 00 00 00 00 00 00 00 00 00 00 00 00 00 00 00 00 00 00 00 00 00 00 00 00 00 00 00 9a 76 00 00
> 00 00 ea 91 67 01 90 01 00 00 00 00 00 00 00 00 00 00 00 00 00 00 00 00 00 00 00 00 00 00 00 00 00 00 00 00 00 00 00 00 00 00 00 00 00 00 00 00 00 00 00 00 00 00 00 00 00 00 00 00 00 00 00 00 00 00 00 00 00 00 00 00 00 00 00 00 00 00 00 00 00 00 00 00 00 00 00 00 00 00 00 00 00 00 00 00 00 00 00 00 00 00 00 00 00 00 00 00 c3 ed 00 00
> 00 00 ea 91 67 01 f4 01 00 00 00 00 00 00 00 00 00 00 00 00 21 06 02 c3 55 07 7a 4f 53 3e 00 af f5 33 cd b5 07 4f 3c 28 11 c5 21 00 e0 e5 11 00 10 79 cd bb 07 c1 79 c3 c1 07 21 2c 02 c3 55 07 46 69 6c 65 20 6e 6f 74 20 66 6f 75 6e 64 00 dd e5 dd 21 00 00 dd 39 f5 21 00 00 39 e5 11 d3 07 21 82 02 cd a9 07 4f 79 d6 c8 20 25 24 1f 00 00
> 00 00 ea 91 67 01 58 02 21 d3 07 cd 55 07 21 84 02 cd 55 07 e1 e5 cd 5b 07 cd 7f 07 cd 97 07 21 00 00 39 eb 21 d3 07 cd af 07 4f 18 d6 dd f9 dd e1 c9 2f 00 20 20 00 af f5 33 cd cd 07 c9 af f5 33 cd b5 07 4f 3c c8 11 01 00 7a b3 28 23 c5 21 1e 00 e5 11 d3 07 79 cd bb 07 c1 7a b3 28 eb 21 d3 07 19 36 00 c5 d5 21 d3 07 cd 55 5e dd 00 00
> 00 00 ea 91 67 01 bc 02 07 d1 c1 18 d9 79 cd c1 07 c3 97 07 11 53 03 21 d3 07 cd 73 07 4f b7 ca 00 10 11 57 03 21 d3 07 cd 73 07 b7 ca 4f 07 11 5b 03 21 d3 07 cd 73 07 b7 ca 3b 02 3e 04 21 f3 07 96 30 16 3e 04 f5 33 11 5f 03 21 d3 07 cd 79 07 b7 20 06 21 d7 07 c3 87 02 3e 04 21 f3 07 96 30 16 3e 04 f5 33 11 64 03 21 d3 07 c1 ae 00 00
> 00 00 ea 91 67 01 20 03 cd 79 07 b7 20 06 21 d7 07 c3 8e 02 3e 05 21 f3 07 96 30 16 3e 05 f5 33 11 69 03 21 d3 07 cd 79 07 b7 20 06 21 d8 07 c3 0b 02 21 6f 03 cd 55 07 c3 7f 07 72 75 6e 00 63 6c 73 00 64 69 72 00 6c 73 70 20 00 63 61 74 20 00 6c 6f 61 64 20 00 55 6e 6b 6e 6f 77 6e 20 43 6f 6d 6d 61 6e 64 00 f5 4f 21 00 00 62 00 00 00
> 00 00 ea 91 67 01 84 03 39 eb 79 12 4b 42 03 af 02 eb cd 55 07 f1 c9 c9 cd 67 07 b7 20 5c cd 6d 07 4f d6 0a 28 05 79 d6 0d 20 0e cd 7f 07 cd c8 02 21 f3 07 36 00 3e 01 c9 79 d6 08 20 0f 3a f3 07 b7 28 09 cd 93 03 21 f3 07 35 af c9 79 d6 20 38 28 3a f3 07 d6 1e 30 21 11 d3 07 3a f3 07 47 21 f3 07 34 68 26 00 19 71 d5 79 cd 5a a7 00 00
> 00 00 ea 91 67 01 e8 03 7f 03 cd 97 07 d1 2a f3 07 26 00 19 36 00 af c9 cd 9d 07 21 f3 07 36 00 cd 4f 07 cd 00 02 cd 97 07 cd 94 03 b7 20 f4 18 f8 4f 1a fd 21 02 00 fd 39 fd 46 00 80 81 e1 c1 e9 dd e5 dd 21 00 00 dd 39 f5 f5 3b dd 75 fd dd 74 fe 33 33 d5 dd 7e fe dd b6 fd 20 0b dd 7e fc dd b6 fb 20 03 af 18 5f dd 7e fe dd e0 11 00 00
> 00 00 ea 91 67 01 4c 04 b6 fd 20 04 3e 01 18 53 dd 7e fc dd b6 fb 20 04 3e ff 18 47 e1 c1 c5 e5 dd 7e 04 dd 77 ff dd 7e ff b7 28 36 0a b7 20 08 5e 1c 1d 20 03 af 18 2b b7 20 04 3e 01 18 24 5e 1c 1d 20 04 3e ff 18 1b bb 20 04 23 03 18 0e 93 30 05 01 ff ff 18 03 01 01 00 79 18 06 dd 35 ff 18 c4 af dd f9 dd e1 e1 33 e9 3e ff ef a7 00 00
> 00 00 ea 91 67 01 b0 04 f5 33 cd 21 04 c9 dd e5 dd 21 00 00 dd 39 fd 21 f8 ff fd 39 fd f9 4e 23 46 78 b1 20 07 3e 30 cd 7f 03 18 44 1e 00 78 b1 28 26 33 33 c5 dd 36 fa 0a d5 21 02 00 39 cd 24 07 d1 d5 16 00 21 05 00 39 19 d1 4d 44 1c dd 7e fa c6 30 02 c1 c5 18 d6 21 03 00 39 4d 44 1d 6b 26 00 09 56 c5 d5 7a cd 7f 03 d1 c1 97 c7 00 00
> 00 00 ea 91 67 01 14 05 7b b7 20 ee dd f9 dd e1 c9 3a ee 00 6f 3a ef 00 95 3e 01 c8 af c9 3a ef 00 26 01 6f 4e 21 ef 00 3e 1f 34 a6 77 79 c9 01 ff 00 af ed b1 79 ed 44 d6 02 c9 e5 cd 3b 05 06 00 4f 0c e1 ed b0 c9 e5 3e 1e cd c4 05 e1 e5 cd 3b 05 f5 cd c4 05 f1 4f 06 00 e1 c3 94 05 21 0f 27 44 4d 29 29 2c 09 22 6b 05 21 db 57 6f 00 00
> 00 00 ea 91 67 01 78 05 03 29 9f e6 2d ad 6f 22 77 05 09 c9 3e 01 cd c4 05 c9 3e 04 cd c4 05 c9 4e 06 00 23 e5 2a fe 0b e5 09 3e 04 bc 20 05 cd b1 05 c5 e1 22 fe 0b e1 11 00 0c 19 eb e1 ed b0 c9 21 fe 0b 7e 23 b6 c8 af d3 00 77 2b 77 c9 2a ec 00 c9 7e 2a fe 0b 23 22 fe 0b 01 ff 0b 09 77 c9 21 fe 0b 06 0a 36 00 23 10 fb c9 ee f9 00 00
> 00 00 ea 91 67 01 dc 05 21 fe 0b 36 00 23 36 00 c9 21 fe 0b 36 ff 23 36 ff c9 21 fe 0b af be 20 fd c9 dd e5 dd 21 00 00 dd 39 d5 e5 cd b1 05 fd 21 00 0c fd 36 00 01 11 06 0c e1 cd 47 05 cd e5 05 3e 01 d3 00 cd ee 05 d1 21 06 0c cd 47 05 21 02 0c dd 5e 04 dd 56 05 0e 02 06 00 ed b0 fd 7e 00 dd e1 c9 dd e5 dd 21 00 00 dd 39 ae c6 00 00
> 00 00 ea 91 67 01 40 06 d5 e5 cd b1 05 21 00 0c 36 02 cd e5 05 3e 01 d3 00 cd ee 05 d1 21 06 0c cd 47 05 e1 5e 23 56 21 02 0c 01 02 00 ed b0 21 00 0c 7e dd e1 c9 dd e5 dd 21 00 00 dd 39 e5 cd b1 05 d1 21 00 0c 36 05 23 dd 7e 04 77 21 06 0c eb cd 47 05 cd e5 05 3e 01 d3 00 cd ee 05 21 01 0c 7e dd e1 e1 33 e9 dd e5 dd 21 00 67 cd 00 00
> 00 00 ea 91 67 01 a4 06 00 dd 39 f5 cd b1 05 f1 21 00 0c 36 06 23 77 23 dd 4e 04 dd 46 05 71 23 70 23 73 23 72 cd e5 05 3e 01 d3 00 cd ee 05 21 02 0c 5e 23 56 dd e1 e1 c1 e9 dd e5 dd 21 00 00 dd 39 f5 cd b1 05 f1 21 00 0c 36 08 23 77 cd e5 05 3e 01 d3 00 cd ee 05 dd e1 c9 dd e5 dd 21 00 00 dd 39 e5 cd b1 05 d1 21 00 0c 36 77 27 00 00
> 00 00 ea 91 67 01 08 07 09 23 dd 7e 04 77 21 06 0c eb cd 47 05 cd e5 05 3e 01 d3 00 cd ee 05 dd e1 e1 33 e9 5e 23 56 23 4e e5 eb af 06 10 29 17 38 03 b9 38 02 91 2c 10 f5 eb e1 77 2b 72 2b 73 c9 7a bc 38 04 c0 7b bd d0 21 ff 00 36 01 c9 f5 3e 00 c3 08 00 f5 3e 01 c3 08 00 f5 3e 02 c3 08 00 f5 3e 03 c3 08 00 f5 3e 04 c3 08 f3 d4 00 00
> 00 00 ea 91 67 01 6c 07 00 f5 3e 05 c3 08 00 f5 3e 06 c3 08 00 f5 3e 07 c3 08 00 f5 3e 08 c3 08 00 f5 3e 09 c3 08 00 f5 3e 0a c3 08 00 f5 3e 0b c3 08 00 f5 3e 0c c3 08 00 f5 3e 0d c3 08 00 f5 3e 0e c3 08 00 f5 3e 0f c3 08 00 f5 3e 10 c3 08 00 f5 3e 11 c3 08 00 f5 3e 12 c3 08 00 f5 3e 13 c3 08 00 f5 3e 14 c3 08 00 f5 3e 15 f5 89 00 00
> 00 00 ea 91 06 01 d0 07 c3 08 00 03 87 00 00
> 00 00 ea 91 01 07 bf 74 00 00
> 00 00 ea 91 01 02 12 23 00 00
< ea 91 11 02 01 0c 00 00 00 00 00 00 00 00 00 00 00 00 00 00 c5 d7
valid
> 00 00 ea 91 01 02 12 23 00 00
< ea 91 11 02 01 00 00 00 00 00 00 00 00 00 00 00 00 00 00 00 0e ae
valid
> 00 00 ea 91 01 02 12 23 00 00
< ea 91 11 02 01 00 00 00 00 00 00 00 00 00 00 00 00 00 00 00 0e ae
valid
> 00 00 ea 91 01 02 12 23 00 00
< ea 91 11 02 02 00 00 00 00 00 00 00 00 00 00 00 00 00 00 00 2f 34
valid
> 00 00 ea 91 01 02 12 23 00 00
< ea 91 11 02 02 00 00 00 00 00 00 00 00 00 00 00 00 00 00 00 2f 34
valid
> 00 00 ea 91 01 08 48 8c 00 00
< ea 91 04 ff 50 57 4d 2f 41
valid
