ASxxxx Assembler V02.00 + NoICE + SDCC mods  (Zilog Z80 / Hitachi HD64180 / ZX-Next / eZ80), page 1.
Hexadecimal [24-Bits]



                                      1 	.module bootloader
                                      2 	.optsdcc -mz80
                                      3 ;--------------------------------------------------------
                                      4 ; Public variables in this module
                                      5 ;--------------------------------------------------------
                                      6 	.globl _services
                                      7 	.globl _init
                                      8 ;--------------------------------------------------------
                                      9 ; code
                                     10 ;--------------------------------------------------------
                                     11 	.area _BOOT
      000000                         12 _start_bootloader::
      000000 00               [ 4]   13 	nop
      000001 00               [ 4]   14 	nop
      000002 C3 00 00         [10]   15 	jp    _init
      000005 00               [ 4]   16 	nop
      000006 00               [ 4]   17 	nop
                                     18 ; Address 8	
      000007 DD E5            [15]   19 	PUSH	IX
      000009 DD 21 00 00      [14]   20 	LD		IX,#0
      00000D DD 39            [15]   21 	ADD		IX,SP
      00000F E5               [11]   22 	PUSH	HL
      000010 C5               [11]   23 	PUSH	BC
      000011 21 00 00         [10]   24 	LD		HL,#_services
      000014 CB 27            [ 8]   25 	SLA		A
      000016 85               [ 4]   26 	ADD		A,L
      000017 6F               [ 4]   27 	LD		L,A
      000018 DD 7E 03         [19]   28 	LD		A,3(IX)		; restore A
      00001B 4E               [ 7]   29 	LD		C,(HL)
      00001C DD 71 02         [19]   30 	LD		2(IX),C
      00001F 23               [ 6]   31 	INC		HL
      000020 46               [ 7]   32 	LD		B,(HL)
      000021 DD 70 03         [19]   33 	LD		3(IX),B
      000024 C1               [10]   34 	POP		BC
      000025 E1               [10]   35 	POP		HL
      000026 DD E1            [14]   36 	POP		IX
      000028 C9               [10]   37 	RET
                                     38 	
                                     39 	
ASxxxx Assembler V02.00 + NoICE + SDCC mods  (Zilog Z80 / Hitachi HD64180 / ZX-Next / eZ80), page 2.
Hexadecimal [24-Bits]

Symbol Table

    .__.$$$.=  002710 L   |     .__.ABS.=  000000 G   |     .__.CPU.=  000000 L
    .__.H$L.=  000000 L   |     _init      ****** GX  |     _service   ****** GX
  1 _start_b   000000 GR

ASxxxx Assembler V02.00 + NoICE + SDCC mods  (Zilog Z80 / Hitachi HD64180 / ZX-Next / eZ80), page 3.
Hexadecimal [24-Bits]

Area Table

   0 _CODE      size      0   flags    0
   1 _BOOT      size     29   flags    0

