                                      1 ;--------------------------------------------------------
                                      2 ; File Created by SDCC : free open source ANSI-C Compiler
                                      3 ; Version 4.2.0 #13081 (MINGW64)
                                      4 ;--------------------------------------------------------
                                      5 	.module zos
                                      6 	.optsdcc -mz80
                                      7 	
                                      8 ;--------------------------------------------------------
                                      9 ; Public variables in this module
                                     10 ;--------------------------------------------------------
                                     11 	.globl _main
                                     12 	.globl _process_input
                                     13 	.globl _backspace
                                     14 	.globl _print_char
                                     15 	.globl _process_command
                                     16 	.globl _cat_file
                                     17 	.globl _dir
                                     18 	.globl _load_program
                                     19 	.globl _print_prompt
                                     20 	.globl _close_file
                                     21 	.globl _read_file
                                     22 	.globl _open_file
                                     23 	.globl _list_next
                                     24 	.globl _list_dir
                                     25 	.globl _gpu_flush
                                     26 	.globl _newline
                                     27 	.globl _strncmp
                                     28 	.globl _strcmp
                                     29 	.globl _input_read
                                     30 	.globl _input_empty
                                     31 	.globl _print_word
                                     32 	.globl _print_text
                                     33 	.globl _cls
                                     34 	.globl _command_pos
                                     35 	.globl _command_buffer
                                     36 ;--------------------------------------------------------
                                     37 ; special function registers
                                     38 ;--------------------------------------------------------
                                     39 ;--------------------------------------------------------
                                     40 ; ram data
                                     41 ;--------------------------------------------------------
                                     42 	.area _DATA
      000000                         43 _command_buffer::
      000000                         44 	.ds 32
      000020                         45 _command_pos::
      000020                         46 	.ds 1
                                     47 ;--------------------------------------------------------
                                     48 ; ram data
                                     49 ;--------------------------------------------------------
                                     50 	.area _INITIALIZED
                                     51 ;--------------------------------------------------------
                                     52 ; absolute external ram data
                                     53 ;--------------------------------------------------------
                                     54 	.area _DABS (ABS)
                                     55 ;--------------------------------------------------------
                                     56 ; global & static initialisations
                                     57 ;--------------------------------------------------------
                                     58 	.area _HOME
                                     59 	.area _GSINIT
                                     60 	.area _GSFINAL
                                     61 	.area _GSINIT
                                     62 ;--------------------------------------------------------
                                     63 ; Home
                                     64 ;--------------------------------------------------------
                                     65 	.area _HOME
                                     66 	.area _HOME
                                     67 ;--------------------------------------------------------
                                     68 ; code
                                     69 ;--------------------------------------------------------
                                     70 	.area _CODE
                                     71 ;zos.c:7: void print_prompt()
                                     72 ;	---------------------------------
                                     73 ; Function print_prompt
                                     74 ; ---------------------------------
      000000                         75 _print_prompt::
                                     76 ;zos.c:9: const char* os_prompt="zOS>";
                                     77 ;zos.c:10: print_text(os_prompt);
      000000 21r06r00         [10]   78 	ld	hl, #___str_0
                                     79 ;zos.c:11: }
      000003 C3r00r00         [10]   80 	jp	_print_text
      000006                         81 ___str_0:
      000006 7A 4F 53 3E             82 	.ascii "zOS>"
      00000A 00                      83 	.db 0x00
                                     84 ;zos.c:14: void load_program(const char* filename)
                                     85 ;	---------------------------------
                                     86 ; Function load_program
                                     87 ; ---------------------------------
      00000B                         88 _load_program::
                                     89 ;zos.c:16: byte handle = open_file(filename,0);
      00000B AF               [ 4]   90 	xor	a, a
      00000C F5               [11]   91 	push	af
      00000D 33               [ 6]   92 	inc	sp
      00000E CDr00r00         [17]   93 	call	_open_file
                                     94 ;zos.c:17: if (handle != 0xFF)
      000011 4F               [ 4]   95 	ld	c, a
      000012 3C               [ 4]   96 	inc	a
      000013 28 11            [12]   97 	jr	Z, 00102$
                                     98 ;zos.c:20: read_file(handle, program_buffer, 0xE000);
      000015 C5               [11]   99 	push	bc
      000016 21 00 E0         [10]  100 	ld	hl, #0xe000
      000019 E5               [11]  101 	push	hl
      00001A 11 00 10         [10]  102 	ld	de, #0x1000
      00001D 79               [ 4]  103 	ld	a, c
      00001E CDr00r00         [17]  104 	call	_read_file
      000021 C1               [10]  105 	pop	bc
                                    106 ;zos.c:21: close_file(handle);
      000022 79               [ 4]  107 	ld	a, c
      000023 C3r00r00         [10]  108 	jp	_close_file
      000026                        109 00102$:
                                    110 ;zos.c:25: print_text("File not found");
      000026 21r2Cr00         [10]  111 	ld	hl, #___str_1
                                    112 ;zos.c:27: }
      000029 C3r00r00         [10]  113 	jp	_print_text
      00002C                        114 ___str_1:
      00002C 46 69 6C 65 20 6E 6F   115 	.ascii "File not found"
             74 20 66 6F 75 6E 64
      00003A 00                     116 	.db 0x00
                                    117 ;zos.c:30: void dir()
                                    118 ;	---------------------------------
                                    119 ; Function dir
                                    120 ; ---------------------------------
      00003B                        121 _dir::
      00003B DD E5            [15]  122 	push	ix
      00003D DD 21 00 00      [14]  123 	ld	ix,#0
      000041 DD 39            [15]  124 	add	ix,sp
      000043 F5               [11]  125 	push	af
                                    126 ;zos.c:33: byte rc=list_dir("/",command_buffer,&size);
      000044 21 00 00         [10]  127 	ld	hl, #0
      000047 39               [11]  128 	add	hl, sp
      000048 E5               [11]  129 	push	hl
      000049 11r00r00         [10]  130 	ld	de, #_command_buffer
      00004C 21r82r00         [10]  131 	ld	hl, #___str_2
      00004F CDr00r00         [17]  132 	call	_list_dir
      000052 4F               [ 4]  133 	ld	c, a
                                    134 ;zos.c:34: while (rc==200)
      000053                        135 00101$:
      000053 79               [ 4]  136 	ld	a, c
      000054 D6 C8            [ 7]  137 	sub	a, #0xc8
      000056 20 25            [12]  138 	jr	NZ, 00104$
                                    139 ;zos.c:36: print_text(command_buffer);
      000058 21r00r00         [10]  140 	ld	hl, #_command_buffer
      00005B CDr00r00         [17]  141 	call	_print_text
                                    142 ;zos.c:37: print_text("  ");
      00005E 21r84r00         [10]  143 	ld	hl, #___str_3
      000061 CDr00r00         [17]  144 	call	_print_text
                                    145 ;zos.c:38: print_word(size);
      000064 E1               [10]  146 	pop	hl
      000065 E5               [11]  147 	push	hl
      000066 CDr00r00         [17]  148 	call	_print_word
                                    149 ;zos.c:39: newline();
      000069 CDr00r00         [17]  150 	call	_newline
                                    151 ;zos.c:40: gpu_flush();
      00006C CDr00r00         [17]  152 	call	_gpu_flush
                                    153 ;zos.c:41: rc=list_next(command_buffer,&size);
      00006F 21 00 00         [10]  154 	ld	hl, #0
      000072 39               [11]  155 	add	hl, sp
      000073 EB               [ 4]  156 	ex	de, hl
      000074 21r00r00         [10]  157 	ld	hl, #_command_buffer
      000077 CDr00r00         [17]  158 	call	_list_next
      00007A 4F               [ 4]  159 	ld	c, a
      00007B 18 D6            [12]  160 	jr	00101$
      00007D                        161 00104$:
                                    162 ;zos.c:43: }
      00007D DD F9            [10]  163 	ld	sp, ix
      00007F DD E1            [14]  164 	pop	ix
      000081 C9               [10]  165 	ret
      000082                        166 ___str_2:
      000082 2F                     167 	.ascii "/"
      000083 00                     168 	.db 0x00
      000084                        169 ___str_3:
      000084 20 20                  170 	.ascii "  "
      000086 00                     171 	.db 0x00
                                    172 ;zos.c:45: void cat_file(const char* filename)
                                    173 ;	---------------------------------
                                    174 ; Function cat_file
                                    175 ; ---------------------------------
      000087                        176 _cat_file::
                                    177 ;zos.c:47: byte handle = open_file(filename,0);
      000087 AF               [ 4]  178 	xor	a, a
      000088 F5               [11]  179 	push	af
      000089 33               [ 6]  180 	inc	sp
      00008A CDr00r00         [17]  181 	call	_open_file
                                    182 ;zos.c:48: if (handle != 0xFF)
      00008D 4F               [ 4]  183 	ld	c, a
      00008E 3C               [ 4]  184 	inc	a
      00008F C8               [11]  185 	ret	Z
                                    186 ;zos.c:50: word act=1;
      000090 11 01 00         [10]  187 	ld	de, #0x0001
                                    188 ;zos.c:51: while (act>0)
      000093                        189 00103$:
      000093 7A               [ 4]  190 	ld	a, d
      000094 B3               [ 4]  191 	or	a, e
      000095 28 23            [12]  192 	jr	Z, 00105$
                                    193 ;zos.c:53: act = read_file(handle, command_buffer, 30);
      000097 C5               [11]  194 	push	bc
      000098 21 1E 00         [10]  195 	ld	hl, #0x001e
      00009B E5               [11]  196 	push	hl
      00009C 11r00r00         [10]  197 	ld	de, #_command_buffer
      00009F 79               [ 4]  198 	ld	a, c
      0000A0 CDr00r00         [17]  199 	call	_read_file
      0000A3 C1               [10]  200 	pop	bc
                                    201 ;zos.c:54: if (act>0)
      0000A4 7A               [ 4]  202 	ld	a, d
      0000A5 B3               [ 4]  203 	or	a, e
      0000A6 28 EB            [12]  204 	jr	Z, 00103$
                                    205 ;zos.c:56: command_buffer[act]=0;
      0000A8 21r00r00         [10]  206 	ld	hl, #_command_buffer
      0000AB 19               [11]  207 	add	hl, de
      0000AC 36 00            [10]  208 	ld	(hl), #0x00
                                    209 ;zos.c:57: print_text(command_buffer);
      0000AE C5               [11]  210 	push	bc
      0000AF D5               [11]  211 	push	de
      0000B0 21r00r00         [10]  212 	ld	hl, #_command_buffer
      0000B3 CDr00r00         [17]  213 	call	_print_text
      0000B6 D1               [10]  214 	pop	de
      0000B7 C1               [10]  215 	pop	bc
      0000B8 18 D9            [12]  216 	jr	00103$
      0000BA                        217 00105$:
                                    218 ;zos.c:60: close_file(handle);
      0000BA 79               [ 4]  219 	ld	a, c
      0000BB CDr00r00         [17]  220 	call	_close_file
                                    221 ;zos.c:61: gpu_flush();
                                    222 ;zos.c:63: }
      0000BE C3r00r00         [10]  223 	jp	_gpu_flush
                                    224 ;zos.c:65: void process_command()
                                    225 ;	---------------------------------
                                    226 ; Function process_command
                                    227 ; ---------------------------------
      0000C1                        228 _process_command::
                                    229 ;zos.c:69: if (strcmp(command_buffer, "run") == 0)
      0000C1 11r2Er01         [10]  230 	ld	de, #___str_4
      0000C4 21r00r00         [10]  231 	ld	hl, #_command_buffer
      0000C7 CDr00r00         [17]  232 	call	_strcmp
      0000CA 4F               [ 4]  233 	ld	c, a
      0000CB B7               [ 4]  234 	or	a, a
                                    235 ;zos.c:70: user_program();
      0000CC CA 00 10         [10]  236 	jp	Z,0x1000
                                    237 ;zos.c:72: if (strcmp(command_buffer, "cls") == 0)
      0000CF 11r32r01         [10]  238 	ld	de, #___str_5
      0000D2 21r00r00         [10]  239 	ld	hl, #_command_buffer
      0000D5 CDr00r00         [17]  240 	call	_strcmp
      0000D8 B7               [ 4]  241 	or	a, a
                                    242 ;zos.c:73: cls();
      0000D9 CAr00r00         [10]  243 	jp	Z,_cls
                                    244 ;zos.c:75: if (strcmp(command_buffer, "dir") == 0)
      0000DC 11r36r01         [10]  245 	ld	de, #___str_6
      0000DF 21r00r00         [10]  246 	ld	hl, #_command_buffer
      0000E2 CDr00r00         [17]  247 	call	_strcmp
      0000E5 B7               [ 4]  248 	or	a, a
                                    249 ;zos.c:76: dir();
      0000E6 CAr3Br00         [10]  250 	jp	Z,_dir
                                    251 ;zos.c:78: if (command_pos>4 && strncmp(command_buffer, "cat ", 4)==0)
      0000E9 3E 04            [ 7]  252 	ld	a, #0x04
      0000EB 21r20r00         [10]  253 	ld	hl, #_command_pos
      0000EE 96               [ 7]  254 	sub	a, (hl)
      0000EF 30 16            [12]  255 	jr	NC, 00106$
      0000F1 3E 04            [ 7]  256 	ld	a, #0x04
      0000F3 F5               [11]  257 	push	af
      0000F4 33               [ 6]  258 	inc	sp
      0000F5 11r3Ar01         [10]  259 	ld	de, #___str_7
      0000F8 21r00r00         [10]  260 	ld	hl, #_command_buffer
      0000FB CDr00r00         [17]  261 	call	_strncmp
      0000FE B7               [ 4]  262 	or	a, a
      0000FF 20 06            [12]  263 	jr	NZ, 00106$
                                    264 ;zos.c:79: cat_file(command_buffer+4);
      000101 21r04r00         [10]  265 	ld	hl, #(_command_buffer + 4)
      000104 C3r87r00         [10]  266 	jp	_cat_file
      000107                        267 00106$:
                                    268 ;zos.c:81: if (command_pos>5 && strncmp(command_buffer, "load ", 5)==0)
      000107 3E 05            [ 7]  269 	ld	a, #0x05
      000109 21r20r00         [10]  270 	ld	hl, #_command_pos
      00010C 96               [ 7]  271 	sub	a, (hl)
      00010D 30 16            [12]  272 	jr	NC, 00102$
      00010F 3E 05            [ 7]  273 	ld	a, #0x05
      000111 F5               [11]  274 	push	af
      000112 33               [ 6]  275 	inc	sp
      000113 11r3Fr01         [10]  276 	ld	de, #___str_8
      000116 21r00r00         [10]  277 	ld	hl, #_command_buffer
      000119 CDr00r00         [17]  278 	call	_strncmp
      00011C B7               [ 4]  279 	or	a, a
      00011D 20 06            [12]  280 	jr	NZ, 00102$
                                    281 ;zos.c:82: load_program(command_buffer+5);
      00011F 21r05r00         [10]  282 	ld	hl, #(_command_buffer + 5)
      000122 C3r0Br00         [10]  283 	jp	_load_program
      000125                        284 00102$:
                                    285 ;zos.c:85: print_text("Unknown Command");
      000125 21r45r01         [10]  286 	ld	hl, #___str_9
      000128 CDr00r00         [17]  287 	call	_print_text
                                    288 ;zos.c:86: newline();
                                    289 ;zos.c:88: }
      00012B C3r00r00         [10]  290 	jp	_newline
      00012E                        291 ___str_4:
      00012E 72 75 6E               292 	.ascii "run"
      000131 00                     293 	.db 0x00
      000132                        294 ___str_5:
      000132 63 6C 73               295 	.ascii "cls"
      000135 00                     296 	.db 0x00
      000136                        297 ___str_6:
      000136 64 69 72               298 	.ascii "dir"
      000139 00                     299 	.db 0x00
      00013A                        300 ___str_7:
      00013A 63 61 74 20            301 	.ascii "cat "
      00013E 00                     302 	.db 0x00
      00013F                        303 ___str_8:
      00013F 6C 6F 61 64 20         304 	.ascii "load "
      000144 00                     305 	.db 0x00
      000145                        306 ___str_9:
      000145 55 6E 6B 6E 6F 77 6E   307 	.ascii "Unknown Command"
             20 43 6F 6D 6D 61 6E
             64
      000154 00                     308 	.db 0x00
                                    309 ;zos.c:90: void print_char(byte b)
                                    310 ;	---------------------------------
                                    311 ; Function print_char
                                    312 ; ---------------------------------
      000155                        313 _print_char::
      000155 F5               [11]  314 	push	af
      000156 4F               [ 4]  315 	ld	c, a
                                    316 ;zos.c:93: text[0]=b;
      000157 21 00 00         [10]  317 	ld	hl, #0
      00015A 39               [11]  318 	add	hl, sp
      00015B EB               [ 4]  319 	ex	de, hl
      00015C 79               [ 4]  320 	ld	a, c
      00015D 12               [ 7]  321 	ld	(de), a
                                    322 ;zos.c:94: text[1]=0;
      00015E 4B               [ 4]  323 	ld	c, e
      00015F 42               [ 4]  324 	ld	b, d
      000160 03               [ 6]  325 	inc	bc
      000161 AF               [ 4]  326 	xor	a, a
      000162 02               [ 7]  327 	ld	(bc), a
                                    328 ;zos.c:95: print_text(text);
      000163 EB               [ 4]  329 	ex	de, hl
      000164 CDr00r00         [17]  330 	call	_print_text
                                    331 ;zos.c:96: }
      000167 F1               [10]  332 	pop	af
      000168 C9               [10]  333 	ret
                                    334 ;zos.c:98: void backspace()
                                    335 ;	---------------------------------
                                    336 ; Function backspace
                                    337 ; ---------------------------------
      000169                        338 _backspace::
                                    339 ;zos.c:99: {}
      000169 C9               [10]  340 	ret
                                    341 ;zos.c:101: byte process_input()
                                    342 ;	---------------------------------
                                    343 ; Function process_input
                                    344 ; ---------------------------------
      00016A                        345 _process_input::
                                    346 ;zos.c:103: if (!input_empty())
      00016A CDr00r00         [17]  347 	call	_input_empty
      00016D B7               [ 4]  348 	or	a, a
      00016E 20 5C            [12]  349 	jr	NZ, 00111$
                                    350 ;zos.c:105: byte data = input_read();
      000170 CDr00r00         [17]  351 	call	_input_read
                                    352 ;zos.c:106: if (data==10 || data==13)
      000173 4F               [ 4]  353 	ld	c, a
      000174 D6 0A            [ 7]  354 	sub	a, #0x0a
      000176 28 05            [12]  355 	jr	Z, 00101$
      000178 79               [ 4]  356 	ld	a, c
      000179 D6 0D            [ 7]  357 	sub	a, #0x0d
      00017B 20 0E            [12]  358 	jr	NZ, 00102$
      00017D                        359 00101$:
                                    360 ;zos.c:108: newline();
      00017D CDr00r00         [17]  361 	call	_newline
                                    362 ;zos.c:109: process_command();
      000180 CDrC1r00         [17]  363 	call	_process_command
                                    364 ;zos.c:110: command_pos=0;
      000183 21r20r00         [10]  365 	ld	hl, #_command_pos
      000186 36 00            [10]  366 	ld	(hl), #0x00
                                    367 ;zos.c:111: return 1;
      000188 3E 01            [ 7]  368 	ld	a, #0x01
      00018A C9               [10]  369 	ret
      00018B                        370 00102$:
                                    371 ;zos.c:113: if (data == 8 && command_pos>0)
      00018B 79               [ 4]  372 	ld	a, c
      00018C D6 08            [ 7]  373 	sub	a, #0x08
      00018E 20 0F            [12]  374 	jr	NZ, 00105$
      000190 3Ar20r00         [13]  375 	ld	a, (_command_pos+0)
      000193 B7               [ 4]  376 	or	a, a
      000194 28 09            [12]  377 	jr	Z, 00105$
                                    378 ;zos.c:115: backspace();
      000196 CDr69r01         [17]  379 	call	_backspace
                                    380 ;zos.c:116: --command_pos;
      000199 21r20r00         [10]  381 	ld	hl, #_command_pos
      00019C 35               [11]  382 	dec	(hl)
                                    383 ;zos.c:117: return 0;
      00019D AF               [ 4]  384 	xor	a, a
      00019E C9               [10]  385 	ret
      00019F                        386 00105$:
                                    387 ;zos.c:119: if (data>=32 && command_pos < 30)
      00019F 79               [ 4]  388 	ld	a, c
      0001A0 D6 20            [ 7]  389 	sub	a, #0x20
      0001A2 38 28            [12]  390 	jr	C, 00111$
      0001A4 3Ar20r00         [13]  391 	ld	a, (_command_pos+0)
      0001A7 D6 1E            [ 7]  392 	sub	a, #0x1e
      0001A9 30 21            [12]  393 	jr	NC, 00111$
                                    394 ;zos.c:121: command_buffer[command_pos++]=data;
      0001AB 11r00r00         [10]  395 	ld	de, #_command_buffer+0
      0001AE 3Ar20r00         [13]  396 	ld	a, (_command_pos+0)
      0001B1 47               [ 4]  397 	ld	b, a
      0001B2 21r20r00         [10]  398 	ld	hl, #_command_pos
      0001B5 34               [11]  399 	inc	(hl)
      0001B6 68               [ 4]  400 	ld	l, b
      0001B7 26 00            [ 7]  401 	ld	h, #0x00
      0001B9 19               [11]  402 	add	hl, de
      0001BA 71               [ 7]  403 	ld	(hl), c
                                    404 ;zos.c:122: print_char(data);
      0001BB D5               [11]  405 	push	de
      0001BC 79               [ 4]  406 	ld	a, c
      0001BD CDr55r01         [17]  407 	call	_print_char
      0001C0 CDr00r00         [17]  408 	call	_gpu_flush
      0001C3 D1               [10]  409 	pop	de
                                    410 ;zos.c:124: command_buffer[command_pos]=0;
      0001C4 2Ar20r00         [16]  411 	ld	hl, (_command_pos)
      0001C7 26 00            [ 7]  412 	ld	h, #0x00
      0001C9 19               [11]  413 	add	hl, de
      0001CA 36 00            [10]  414 	ld	(hl), #0x00
      0001CC                        415 00111$:
                                    416 ;zos.c:127: return 0;
      0001CC AF               [ 4]  417 	xor	a, a
                                    418 ;zos.c:128: }
      0001CD C9               [10]  419 	ret
                                    420 ;zos.c:130: void main()
                                    421 ;	---------------------------------
                                    422 ; Function main
                                    423 ; ---------------------------------
      0001CE                        424 _main::
                                    425 ;zos.c:132: command_pos=0;
      0001CE 21r20r00         [10]  426 	ld	hl, #_command_pos
      0001D1 36 00            [10]  427 	ld	(hl), #0x00
                                    428 ;zos.c:133: cls();
      0001D3 CDr00r00         [17]  429 	call	_cls
                                    430 ;zos.c:134: while (1)
      0001D6                        431 00105$:
                                    432 ;zos.c:136: print_prompt();
      0001D6 CDr00r00         [17]  433 	call	_print_prompt
                                    434 ;zos.c:137: gpu_flush();
      0001D9 CDr00r00         [17]  435 	call	_gpu_flush
                                    436 ;zos.c:138: while (!process_input());
      0001DC                        437 00101$:
      0001DC CDr6Ar01         [17]  438 	call	_process_input
      0001DF B7               [ 4]  439 	or	a, a
      0001E0 20 F4            [12]  440 	jr	NZ, 00105$
                                    441 ;zos.c:140: }
      0001E2 18 F8            [12]  442 	jr	00101$
                                    443 	.area _CODE
                                    444 	.area _INITIALIZER
                                    445 	.area _CABS (ABS)
