> 00 00 ea 91 04 00 00 00 fa d5 58 00 00
> 00 00 ea 91 04 00 00 00 fa d5 58 00 00
< ea 91 fa 5f ed 60 7b b2 43 f2 dd 41 19 5f 82 4b 59 e9 b1 c7 0e 6f fe 4d 52 ca dc 3d ca af 77 c2 05 c1 99 71 c9 01 04 39 df 5a 58 6e b1 11 75 5d 17 6a 64 4c bc 62 fc 4f cd b9 7d 5b 54 8b 8f 4f 44 93 c6 09 8d 23 1d 08 eb 03 44 dd 21 37 f4 11 1f da a9 38 aa 86 91 a3 3a ba 97 ce 99 42 fe 15 17 9d 4c ef 34 72 fe 58 f1 61 36 60 88 c5 8c 0e 29 1a fa 2e 4d c8 38 74 74 c2 27 c4 45 05 3f 93 a6 95 c8 8b 36 ec ac ce d9 3b 40 53 d3 15 b7 3a 06 8a bf 02 bf 5b 10 7d 7c cc 9b 6f 1a 85 80 5a 8f e5 84 ed fa 3f 21 77 5b c8 a5 41 27 06 67 a5 81 04 b0 72 fa 46 b7 7d d1 1f b3 8d 64 db 3e 20 78 7d f8 eb 6e cd 69 d7 a8 bc 34 40 80 4c 52 f2 79 30 c0 fe b9 a2 a5 9e a7 cc 64 80 5d c8 f7 a4 f8 0e 80 68 57 1c 15 a0 0d d5 06 95 cb 2b 9a 2d bf 3d 9e 2a c5 83 80 80 ea 91 fa 5f ed 60 7b
crc=7b60  verify=33ea
> 00 00 ea 91 04 00 00 00 fa d5 58 00 00
> 00 00 ea 91 04 00 00 00 fa d5 58 00 00
< ea 91 fa 5f ed 60 7b b2 43 f2 dd 41 19 5f 82 4b 59 e9 b1 c7 0e 6f fe 4d 52 ca dc 3d ca af 77 c2 05 c1 99 71 c9 01 04 39 df 5a 58 6e b1 11 75 5d 17 6a 64 4c bc 62 fc 3d a8 46 6e df 5b 54 8b 8f 4f 44 93 c6 09 8d 23 1d 08 eb 03 44 dd 21 37 f4 11 1f da a9 38 aa 86 91 a3 3a ba 97 ce 99 42 fe 15 17 9d 4c ef 34 72 fe 58 f1 61 36 60 88 c5 8c 0e 29 1a fa 2e 4d c8 38 74 74 c2 27 c4 45 05 3f 93 a6 95 c8 8b 36 ec ac ce d9 3b 40 53 d3 15 b7 3a 06 8a bf 02 bf 5b 10 7d 7c cc 9b 6f 1a 85 80 5a 8f e5 84 ed fa 3f 21 77 5b c8 a5 41 27 06 67 a5 81 04 b0 72 fa 46 b7 7d d1 1f b3 8d 64 db 3e 20 78 7d f8 eb 6e cd 69 d7 a8 bc 34 40 80 4c 52 f2 79 30 c0 fe b9 a2 a5 9e a7 cc 64 80 5d c8 f7 a4 f8 0e 80 68 57 1c 15 a0 0d d5 06 95 cb 2b 9a 2d 7f eb e6 4e 59 bc 10 80 80 ea 91 fa 5f ed
crc=ed5f  verify=ebcf
> 00 00 ea 91 04 00 00 00 fa d5 58 00 00
> 00 00 ea 91 04 00 fa 00 fa 9b a7 00 00
< ea 91 fa 5f ed 60 7b b2 43 f2 dd 41 19 5f 82 4b 59 e9 b1 c7 0e 6f fe 4d 52 ca dc 3d ca af 77 c2 05 c1 99 71 c9 01 04 39 df 5a 58 6e b1 11 75 5d 17 6a 64 4c bc 62 fc 4f cd b9 7d 5b 54 8b 8f 4f 44 93 c6 09 8d 23 1d 08 eb 03 44 dd 21 37 f4 11 1f da a9 38 aa 86 91 a3 3a ba 97 ce 99 42 fe 15 17 9d 4c ef 34 72 fe 58 f1 61 36 60 88 c5 8c 0e 29 1a fa 2e 4d c8 38 74 74 c2 27 c4 45 05 3f 93 a6 95 c8 8b 36 ec ac ce d9 3b 40 53 d3 15 b7 3a 06 8a bf 02 bf 5b 10 7d 7c cc 9b 6f 1a 85 80 5a 8f e5 84 ed fa 3f 21 77 5b c8 a5 41 27 06 67 a5 81 04 b0 72 fa 46 b7 7d d1 1f b3 8d 64 db 3e 20 78 7d f8 eb 6e cd 69 d7 a8 bc 34 40 80 4c 52 f2 79 30 c0 fe b9 a2 a5 9e a7 cc 64 80 5d c8 f7 a4 f8 0e c0 eb c5 54 04 6b d5 06 95 cb 2b 9a 2d 7f eb e6 4e 59 bc 10 80 80 ea 91 fa 43 43 c1 46
crc=46c1  verify=9de4
> 00 00 ea 91 04 00 fa 00 fa 9b a7 00 00
> 00 00 ea 91 04 00 fa 00 fa 9b a7 00 00
< ea 91 fa 43 43 c1 46 40 7e fe 1b 4c 03 ff bd a4 8b 05 95 f9 f7 cb 50 1b 8f 8b 06 b6 ab e7 3b 2b df dc 55 b2 03 21 df 7c d5 36 c8 36 67 2a af 58 6b f1 89 96 99 dd 80 3d da 52 8d e3 62 63 85 0e f1 6c 17 d0 75 c3 be c4 98 ad d9 7a ae d8 b0 75 d3 97 54 45 55 0d c0 08 d5 99 7d ae 6c a8 f1 d1 80 4b d5 85 cc a4 90 b7 9e 45 ab 7f 09 17 d3 54 f2 9b 82 fd 90 89 a1 59 a1 fa d8 fc d5 05 ce 2a 15 8e d8 a6 37 f6 b6 b6 ef 66 44 3f 0d cd 6a 97 90 62 cb 1a b4 f7 b2 6c ba 46 43 7f 95 b7 f6 d3 80 71 89 29 6b b9 1b ba 1f 18 4d 84 b9 a0 9f 75 0b dc a6 f4 22 98 a5 eb 9e 7b 66 d7 6c 21 28 c4 c6 a8 21 65 42 a1 0a 04 e1 4d 5e 4e b3 a0 84 05 23 8c 41 62 f2 ee 16 b3 43 33 5f 78 48 77 1a 55 46 e5 2f 9d c8 13 d7 ee dd ba fc 95 5d 13 a6 90 30 ae d5 20 80 12 1c 80 80 ea 91 fa 43 43 c1
crc=c143  verify=563c
> 00 00 ea 91 04 00 fa 00 fa 9b a7 00 00
> 00 00 ea 91 04 00 fa 00 fa 9b a7 00 00
< ea 91 fa 43 43 c1 46 40 7e fe 1b 4c 03 ff bd a4 8b 05 95 f9 f7 cb 50 1b 8f 8b 06 b6 ab e7 3b 2b df dc 55 b2 03 21 df 7c d5 36 c8 36 67 2a af 58 6b f1 89 96 99 dd 80 3d da 52 8d e3 62 63 85 0e f1 6c 17 d0 75 c3 be c4 98 ad d9 7a ae d8 b0 75 d3 97 54 45 55 0d 80 0c 58 ed 99 7d ae 6c a8 f1 d1 80 4b d5 85 cc a4 90 b7 9e 45 ab 7f 09 17 d3 54 f2 9b 82 fd 90 89 a1 59 a1 fa d8 fc 5f 5d 80 ce 2a 15 8e d8 a6 37 f6 b6 b6 ef 66 44 3f 0d cd 6a 97 90 62 cb 1a b4 f7 b2 6c ba 46 43 bf 65 9b df 07 c5 2e 2c c1 6b b9 1b ba 1f 18 4d 84 b9 a0 9f 75 0b dc a6 f4 22 98 a5 eb 9e 7b 66 d7 6c 21 28 c4 c6 a8 21 65 42 a1 0a 04 e1 4d 5e 4e b3 a0 84 05 23 8c 41 62 f2 ee 16 b3 43 33 5f 78 48 77 1a 55 46 e5 2f 9d c8 13 d7 ee dd ba fc 95 5d 13 a6 90 30 ae d5 20 80 12 1c 80 80 ea 91 fa 43
crc=43fa  verify=295f
