                                      1 ;--------------------------------------------------------
                                      2 ; File Created by SDCC : free open source ANSI-C Compiler
                                      3 ; Version 4.2.0 #13081 (MINGW64)
                                      4 ;--------------------------------------------------------
                                      5 	.module stdlibimpl
                                      6 	.optsdcc -mz80
                                      7 	
                                      8 ;--------------------------------------------------------
                                      9 ; Public variables in this module
                                     10 ;--------------------------------------------------------
                                     11 	.globl _print_word_impl
                                     12 	.globl _div_mod
                                     13 	.globl _print_char
                                     14 	.globl _strcmp_impl
                                     15 	.globl _strncmp_impl
                                     16 	.globl _testabi
                                     17 ;--------------------------------------------------------
                                     18 ; special function registers
                                     19 ;--------------------------------------------------------
                                     20 ;--------------------------------------------------------
                                     21 ; ram data
                                     22 ;--------------------------------------------------------
                                     23 	.area _DATA
                                     24 ;--------------------------------------------------------
                                     25 ; ram data
                                     26 ;--------------------------------------------------------
                                     27 	.area _INITIALIZED
                                     28 ;--------------------------------------------------------
                                     29 ; absolute external ram data
                                     30 ;--------------------------------------------------------
                                     31 	.area _DABS (ABS)
                                     32 ;--------------------------------------------------------
                                     33 ; global & static initialisations
                                     34 ;--------------------------------------------------------
                                     35 	.area _HOME
                                     36 	.area _GSINIT
                                     37 	.area _GSFINAL
                                     38 	.area _GSINIT
                                     39 ;--------------------------------------------------------
                                     40 ; Home
                                     41 ;--------------------------------------------------------
                                     42 	.area _HOME
                                     43 	.area _HOME
                                     44 ;--------------------------------------------------------
                                     45 ; code
                                     46 ;--------------------------------------------------------
                                     47 	.area _CODE
                                     48 ;../stdlib/stdlibimpl.c:3: byte testabi(byte a, const char* name, word b)
                                     49 ;	---------------------------------
                                     50 ; Function testabi
                                     51 ; ---------------------------------
      000000                         52 _testabi::
      000000 4F               [ 4]   53 	ld	c, a
                                     54 ;../stdlib/stdlibimpl.c:5: byte w=name[0];
      000001 1A               [ 7]   55 	ld	a, (de)
                                     56 ;../stdlib/stdlibimpl.c:6: return w+b+a;
      000002 FD 21 02 00      [14]   57 	ld	iy, #2
      000006 FD 39            [15]   58 	add	iy, sp
      000008 FD 46 00         [19]   59 	ld	b, 0 (iy)
      00000B 80               [ 4]   60 	add	a, b
      00000C 81               [ 4]   61 	add	a, c
                                     62 ;../stdlib/stdlibimpl.c:7: }
      00000D E1               [10]   63 	pop	hl
      00000E C1               [10]   64 	pop	bc
      00000F E9               [ 4]   65 	jp	(hl)
                                     66 ;../stdlib/stdlibimpl.c:9: char strncmp_impl(const char* a, const char* b, byte n)
                                     67 ;	---------------------------------
                                     68 ; Function strncmp_impl
                                     69 ; ---------------------------------
      000010                         70 _strncmp_impl::
      000010 DD E5            [15]   71 	push	ix
      000012 DD 21 00 00      [14]   72 	ld	ix,#0
      000016 DD 39            [15]   73 	add	ix,sp
      000018 F5               [11]   74 	push	af
      000019 F5               [11]   75 	push	af
      00001A 3B               [ 6]   76 	dec	sp
      00001B DD 75 FD         [19]   77 	ld	-3 (ix), l
      00001E DD 74 FE         [19]   78 	ld	-2 (ix), h
      000021 33               [ 6]   79 	inc	sp
      000022 33               [ 6]   80 	inc	sp
      000023 D5               [11]   81 	push	de
                                     82 ;../stdlib/stdlibimpl.c:11: if (!a && !b) return 0;
      000024 DD 7E FE         [19]   83 	ld	a, -2 (ix)
      000027 DD B6 FD         [19]   84 	or	a, -3 (ix)
      00002A 20 0B            [12]   85 	jr	NZ, 00102$
      00002C DD 7E FC         [19]   86 	ld	a, -4 (ix)
      00002F DD B6 FB         [19]   87 	or	a, -5 (ix)
      000032 20 03            [12]   88 	jr	NZ, 00102$
      000034 AF               [ 4]   89 	xor	a, a
      000035 18 5F            [12]   90 	jr	00121$
      000037                         91 00102$:
                                     92 ;../stdlib/stdlibimpl.c:12: if (!a) return 1;
      000037 DD 7E FE         [19]   93 	ld	a, -2 (ix)
      00003A DD B6 FD         [19]   94 	or	a, -3 (ix)
      00003D 20 04            [12]   95 	jr	NZ, 00105$
      00003F 3E 01            [ 7]   96 	ld	a, #0x01
      000041 18 53            [12]   97 	jr	00121$
      000043                         98 00105$:
                                     99 ;../stdlib/stdlibimpl.c:13: if (!b) return -1;
      000043 DD 7E FC         [19]  100 	ld	a, -4 (ix)
      000046 DD B6 FB         [19]  101 	or	a, -5 (ix)
      000049 20 04            [12]  102 	jr	NZ, 00138$
      00004B 3E FF            [ 7]  103 	ld	a, #0xff
      00004D 18 47            [12]  104 	jr	00121$
      00004F                        105 00138$:
      00004F E1               [10]  106 	pop	hl
      000050 C1               [10]  107 	pop	bc
      000051 C5               [11]  108 	push	bc
      000052 E5               [11]  109 	push	hl
      000053 DD 7E 04         [19]  110 	ld	a, 4 (ix)
      000056 DD 77 FF         [19]  111 	ld	-1 (ix), a
      000059                        112 00120$:
                                    113 ;../stdlib/stdlibimpl.c:14: for(;n>0;--n)
      000059 DD 7E FF         [19]  114 	ld	a, -1 (ix)
      00005C B7               [ 4]  115 	or	a, a
      00005D 28 36            [12]  116 	jr	Z, 00118$
                                    117 ;../stdlib/stdlibimpl.c:16: if (*a==0 && *b==0) return 0;
      00005F 0A               [ 7]  118 	ld	a, (bc)
      000060 B7               [ 4]  119 	or	a, a
      000061 20 08            [12]  120 	jr	NZ, 00109$
      000063 5E               [ 7]  121 	ld	e, (hl)
      000064 1C               [ 4]  122 	inc	e
      000065 1D               [ 4]  123 	dec	e
      000066 20 03            [12]  124 	jr	NZ, 00109$
      000068 AF               [ 4]  125 	xor	a, a
      000069 18 2B            [12]  126 	jr	00121$
      00006B                        127 00109$:
                                    128 ;../stdlib/stdlibimpl.c:17: if (*a==0) return 1;
      00006B B7               [ 4]  129 	or	a, a
      00006C 20 04            [12]  130 	jr	NZ, 00112$
      00006E 3E 01            [ 7]  131 	ld	a, #0x01
      000070 18 24            [12]  132 	jr	00121$
      000072                        133 00112$:
                                    134 ;../stdlib/stdlibimpl.c:18: if (*b==0) return -1;
      000072 5E               [ 7]  135 	ld	e, (hl)
      000073 1C               [ 4]  136 	inc	e
      000074 1D               [ 4]  137 	dec	e
      000075 20 04            [12]  138 	jr	NZ, 00114$
      000077 3E FF            [ 7]  139 	ld	a, #0xff
      000079 18 1B            [12]  140 	jr	00121$
      00007B                        141 00114$:
                                    142 ;../stdlib/stdlibimpl.c:19: if (*a==*b) 
      00007B BB               [ 4]  143 	cp	a, e
      00007C 20 04            [12]  144 	jr	NZ, 00116$
                                    145 ;../stdlib/stdlibimpl.c:21: ++a;
                                    146 ;../stdlib/stdlibimpl.c:22: ++b;
      00007E 23               [ 6]  147 	inc	hl
      00007F 03               [ 6]  148 	inc	bc
                                    149 ;../stdlib/stdlibimpl.c:23: continue;
      000080 18 0E            [12]  150 	jr	00117$
      000082                        151 00116$:
                                    152 ;../stdlib/stdlibimpl.c:25: return *a<*b?-1:1;
      000082 93               [ 4]  153 	sub	a, e
      000083 30 05            [12]  154 	jr	NC, 00125$
      000085 01 FF FF         [10]  155 	ld	bc, #0xffff
      000088 18 03            [12]  156 	jr	00126$
      00008A                        157 00125$:
      00008A 01 01 00         [10]  158 	ld	bc, #0x0001
      00008D                        159 00126$:
      00008D 79               [ 4]  160 	ld	a, c
      00008E 18 06            [12]  161 	jr	00121$
      000090                        162 00117$:
                                    163 ;../stdlib/stdlibimpl.c:14: for(;n>0;--n)
      000090 DD 35 FF         [23]  164 	dec	-1 (ix)
      000093 18 C4            [12]  165 	jr	00120$
      000095                        166 00118$:
                                    167 ;../stdlib/stdlibimpl.c:27: return 0;
      000095 AF               [ 4]  168 	xor	a, a
      000096                        169 00121$:
                                    170 ;../stdlib/stdlibimpl.c:28: }
      000096 DD F9            [10]  171 	ld	sp, ix
      000098 DD E1            [14]  172 	pop	ix
      00009A E1               [10]  173 	pop	hl
      00009B 33               [ 6]  174 	inc	sp
      00009C E9               [ 4]  175 	jp	(hl)
                                    176 ;../stdlib/stdlibimpl.c:30: char strcmp_impl(const char* a, const char* b)
                                    177 ;	---------------------------------
                                    178 ; Function strcmp_impl
                                    179 ; ---------------------------------
      00009D                        180 _strcmp_impl::
                                    181 ;../stdlib/stdlibimpl.c:32: return strncmp_impl(a,b,255);
      00009D 3E FF            [ 7]  182 	ld	a, #0xff
      00009F F5               [11]  183 	push	af
      0000A0 33               [ 6]  184 	inc	sp
      0000A1 CDr10r00         [17]  185 	call	_strncmp_impl
                                    186 ;../stdlib/stdlibimpl.c:33: }
      0000A4 C9               [10]  187 	ret
                                    188 ;../stdlib/stdlibimpl.c:44: void print_word_impl(word* pw)
                                    189 ;	---------------------------------
                                    190 ; Function print_word_impl
                                    191 ; ---------------------------------
      0000A5                        192 _print_word_impl::
      0000A5 DD E5            [15]  193 	push	ix
      0000A7 DD 21 00 00      [14]  194 	ld	ix,#0
      0000AB DD 39            [15]  195 	add	ix,sp
      0000AD FD 21 F8 FF      [14]  196 	ld	iy, #-8
      0000B1 FD 39            [15]  197 	add	iy, sp
      0000B3 FD F9            [10]  198 	ld	sp, iy
                                    199 ;../stdlib/stdlibimpl.c:46: word w=*pw;
      0000B5 4E               [ 7]  200 	ld	c, (hl)
      0000B6 23               [ 6]  201 	inc	hl
      0000B7 46               [ 7]  202 	ld	b, (hl)
                                    203 ;../stdlib/stdlibimpl.c:48: if (w==0) print_char('0');
      0000B8 78               [ 4]  204 	ld	a, b
      0000B9 B1               [ 4]  205 	or	a, c
      0000BA 20 07            [12]  206 	jr	NZ, 00114$
      0000BC 3E 30            [ 7]  207 	ld	a, #0x30
      0000BE CDr00r00         [17]  208 	call	_print_char
      0000C1 18 44            [12]  209 	jr	00110$
                                    210 ;../stdlib/stdlibimpl.c:54: while (w>0)
      0000C3                        211 00114$:
      0000C3 1E 00            [ 7]  212 	ld	e, #0x00
      0000C5                        213 00101$:
      0000C5 78               [ 4]  214 	ld	a, b
      0000C6 B1               [ 4]  215 	or	a, c
      0000C7 28 26            [12]  216 	jr	Z, 00115$
                                    217 ;../stdlib/stdlibimpl.c:56: dm.a=w;
      0000C9 33               [ 6]  218 	inc	sp
      0000CA 33               [ 6]  219 	inc	sp
      0000CB C5               [11]  220 	push	bc
                                    221 ;../stdlib/stdlibimpl.c:57: dm.b=10;
      0000CC DD 36 FA 0A      [19]  222 	ld	-6 (ix), #0x0a
                                    223 ;../stdlib/stdlibimpl.c:58: div_mod(&dm);
      0000D0 D5               [11]  224 	push	de
      0000D1 21 02 00         [10]  225 	ld	hl, #2
      0000D4 39               [11]  226 	add	hl, sp
      0000D5 CDr00r00         [17]  227 	call	_div_mod
      0000D8 D1               [10]  228 	pop	de
                                    229 ;../stdlib/stdlibimpl.c:59: text[i++]=48+dm.b;
      0000D9 D5               [11]  230 	push	de
      0000DA 16 00            [ 7]  231 	ld	d, #0x00
      0000DC 21 05 00         [10]  232 	ld	hl, #5
      0000DF 39               [11]  233 	add	hl, sp
      0000E0 19               [11]  234 	add	hl, de
      0000E1 D1               [10]  235 	pop	de
      0000E2 4D               [ 4]  236 	ld	c, l
      0000E3 44               [ 4]  237 	ld	b, h
      0000E4 1C               [ 4]  238 	inc	e
      0000E5 DD 7E FA         [19]  239 	ld	a, -6 (ix)
      0000E8 C6 30            [ 7]  240 	add	a, #0x30
      0000EA 02               [ 7]  241 	ld	(bc), a
                                    242 ;../stdlib/stdlibimpl.c:60: w=dm.a;
      0000EB C1               [10]  243 	pop	bc
      0000EC C5               [11]  244 	push	bc
      0000ED 18 D6            [12]  245 	jr	00101$
                                    246 ;../stdlib/stdlibimpl.c:62: do
      0000EF                        247 00115$:
      0000EF 21 03 00         [10]  248 	ld	hl, #3
      0000F2 39               [11]  249 	add	hl, sp
      0000F3 4D               [ 4]  250 	ld	c, l
      0000F4 44               [ 4]  251 	ld	b, h
      0000F5                        252 00104$:
                                    253 ;../stdlib/stdlibimpl.c:64: print_char(text[--i]);
      0000F5 1D               [ 4]  254 	dec	e
      0000F6 6B               [ 4]  255 	ld	l, e
      0000F7 26 00            [ 7]  256 	ld	h, #0x00
      0000F9 09               [11]  257 	add	hl, bc
      0000FA 56               [ 7]  258 	ld	d, (hl)
      0000FB C5               [11]  259 	push	bc
      0000FC D5               [11]  260 	push	de
      0000FD 7A               [ 4]  261 	ld	a, d
      0000FE CDr00r00         [17]  262 	call	_print_char
      000101 D1               [10]  263 	pop	de
      000102 C1               [10]  264 	pop	bc
                                    265 ;../stdlib/stdlibimpl.c:65: } while (i>0);
      000103 7B               [ 4]  266 	ld	a, e
      000104 B7               [ 4]  267 	or	a, a
      000105 20 EE            [12]  268 	jr	NZ, 00104$
      000107                        269 00110$:
                                    270 ;../stdlib/stdlibimpl.c:67: }
      000107 DD F9            [10]  271 	ld	sp, ix
      000109 DD E1            [14]  272 	pop	ix
      00010B C9               [10]  273 	ret
                                    274 	.area _CODE
                                    275 	.area _INITIALIZER
                                    276 	.area _CABS (ABS)
